{"meta": {"format": 3, "version": "7.13.1", "timestamp": "2026-01-16T23:58:39.669955", "branch_coverage": false, "show_contexts": false}, "files": {"crawl4r/__init__.py": {"executed_lines": [3], "summary": {"covered_lines": 1, "num_statements": 1, "percent_covered": 100.0, "percent_covered_display": "100.00", "missing_lines": 0, "excluded_lines": 0, "percent_statements_covered": 100.0, "percent_statements_covered_display": "100.00"}, "missing_lines": [], "excluded_lines": [], "functions": {"": {"executed_lines": [3], "summary": {"covered_lines": 1, "num_statements": 1, "percent_covered": 100.0, "percent_covered_display": "100.00", "missing_lines": 0, "excluded_lines": 0, "percent_statements_covered": 100.0, "percent_statements_covered_display": "100.00"}, "missing_lines": [], "excluded_lines": [], "start_line": 1}}, "classes": {"": {"executed_lines": [3], "summary": {"covered_lines": 1, "num_statements": 1, "percent_covered": 100.0, "percent_covered_display": "100.00", "missing_lines": 0, "excluded_lines": 0, "percent_statements_covered": 100.0, "percent_statements_covered_display": "100.00"}, "missing_lines": [], "excluded_lines": [], "start_line": 1}}}, "crawl4r/api/__init__.py": {"executed_lines": [], "summary": {"covered_lines": 0, "num_statements": 0, "percent_covered": 100.0, "percent_covered_display": "100.00", "missing_lines": 0, "excluded_lines": 0, "percent_statements_covered": 100.0, "percent_statements_covered_display": "100.00"}, "missing_lines": [], "excluded_lines": [], "functions": {"": {"executed_lines": [], "summary": {"covered_lines": 0, "num_statements": 0, "percent_covered": 100.0, "percent_covered_display": "100.00", "missing_lines": 0, "excluded_lines": 0, "percent_statements_covered": 100.0, "percent_statements_covered_display": "100.00"}, "missing_lines": [], "excluded_lines": [], "start_line": 1}}, "classes": {"": {"executed_lines": [], "summary": {"covered_lines": 0, "num_statements": 0, "percent_covered": 100.0, "percent_covered_display": "100.00", "missing_lines": 0, "excluded_lines": 0, "percent_statements_covered": 100.0, "percent_statements_covered_display": "100.00"}, "missing_lines": [], "excluded_lines": [], "start_line": 1}}}, "crawl4r/api/app.py": {"executed_lines": [], "summary": {"covered_lines": 0, "num_statements": 9, "percent_covered": 0.0, "percent_covered_display": "0.00", "missing_lines": 9, "excluded_lines": 0, "percent_statements_covered": 0.0, "percent_statements_covered_display": "0.00"}, "missing_lines": [9, 10, 12, 14, 17, 18, 35, 39, 47], "excluded_lines": [], "functions": {"lifespan": {"executed_lines": [], "summary": {"covered_lines": 0, "num_statements": 1, "percent_covered": 0.0, "percent_covered_display": "0.00", "missing_lines": 1, "excluded_lines": 0, "percent_statements_covered": 0.0, "percent_statements_covered_display": "0.00"}, "missing_lines": [35], "excluded_lines": [], "start_line": 18}, "": {"executed_lines": [], "summary": {"covered_lines": 0, "num_statements": 8, "percent_covered": 0.0, "percent_covered_display": "0.00", "missing_lines": 8, "excluded_lines": 0, "percent_statements_covered": 0.0, "percent_statements_covered_display": "0.00"}, "missing_lines": [9, 10, 12, 14, 17, 18, 39, 47], "excluded_lines": [], "start_line": 1}}, "classes": {"": {"executed_lines": [], "summary": {"covered_lines": 0, "num_statements": 9, "percent_covered": 0.0, "percent_covered_display": "0.00", "missing_lines": 9, "excluded_lines": 0, "percent_statements_covered": 0.0, "percent_statements_covered_display": "0.00"}, "missing_lines": [9, 10, 12, 14, 17, 18, 35, 39, 47], "excluded_lines": [], "start_line": 1}}}, "crawl4r/api/models/__init__.py": {"executed_lines": [], "summary": {"covered_lines": 0, "num_statements": 0, "percent_covered": 100.0, "percent_covered_display": "100.00", "missing_lines": 0, "excluded_lines": 0, "percent_statements_covered": 100.0, "percent_statements_covered_display": "100.00"}, "missing_lines": [], "excluded_lines": [], "functions": {"": {"executed_lines": [], "summary": {"covered_lines": 0, "num_statements": 0, "percent_covered": 100.0, "percent_covered_display": "100.00", "missing_lines": 0, "excluded_lines": 0, "percent_statements_covered": 100.0, "percent_statements_covered_display": "100.00"}, "missing_lines": [], "excluded_lines": [], "start_line": 1}}, "classes": {"": {"executed_lines": [], "summary": {"covered_lines": 0, "num_statements": 0, "percent_covered": 100.0, "percent_covered_display": "100.00", "missing_lines": 0, "excluded_lines": 0, "percent_statements_covered": 100.0, "percent_statements_covered_display": "100.00"}, "missing_lines": [], "excluded_lines": [], "start_line": 1}}}, "crawl4r/api/models/responses.py": {"executed_lines": [], "summary": {"covered_lines": 0, "num_statements": 3, "percent_covered": 0.0, "percent_covered_display": "0.00", "missing_lines": 3, "excluded_lines": 0, "percent_statements_covered": 0.0, "percent_statements_covered_display": "0.00"}, "missing_lines": [11, 14, 26], "excluded_lines": [], "functions": {"": {"executed_lines": [], "summary": {"covered_lines": 0, "num_statements": 3, "percent_covered": 0.0, "percent_covered_display": "0.00", "missing_lines": 3, "excluded_lines": 0, "percent_statements_covered": 0.0, "percent_statements_covered_display": "0.00"}, "missing_lines": [11, 14, 26], "excluded_lines": [], "start_line": 1}}, "classes": {"HealthResponse": {"executed_lines": [], "summary": {"covered_lines": 0, "num_statements": 0, "percent_covered": 100.0, "percent_covered_display": "100.00", "missing_lines": 0, "excluded_lines": 0, "percent_statements_covered": 100.0, "percent_statements_covered_display": "100.00"}, "missing_lines": [], "excluded_lines": [], "start_line": 14}, "": {"executed_lines": [], "summary": {"covered_lines": 0, "num_statements": 3, "percent_covered": 0.0, "percent_covered_display": "0.00", "missing_lines": 3, "excluded_lines": 0, "percent_statements_covered": 0.0, "percent_statements_covered_display": "0.00"}, "missing_lines": [11, 14, 26], "excluded_lines": [], "start_line": 1}}}, "crawl4r/api/routes/__init__.py": {"executed_lines": [], "summary": {"covered_lines": 0, "num_statements": 0, "percent_covered": 100.0, "percent_covered_display": "100.00", "missing_lines": 0, "excluded_lines": 0, "percent_statements_covered": 100.0, "percent_statements_covered_display": "100.00"}, "missing_lines": [], "excluded_lines": [], "functions": {"": {"executed_lines": [], "summary": {"covered_lines": 0, "num_statements": 0, "percent_covered": 100.0, "percent_covered_display": "100.00", "missing_lines": 0, "excluded_lines": 0, "percent_statements_covered": 100.0, "percent_statements_covered_display": "100.00"}, "missing_lines": [], "excluded_lines": [], "start_line": 1}}, "classes": {"": {"executed_lines": [], "summary": {"covered_lines": 0, "num_statements": 0, "percent_covered": 100.0, "percent_covered_display": "100.00", "missing_lines": 0, "excluded_lines": 0, "percent_statements_covered": 100.0, "percent_statements_covered_display": "100.00"}, "missing_lines": [], "excluded_lines": [], "start_line": 1}}}, "crawl4r/api/routes/health.py": {"executed_lines": [], "summary": {"covered_lines": 0, "num_statements": 5, "percent_covered": 0.0, "percent_covered_display": "0.00", "missing_lines": 5, "excluded_lines": 0, "percent_statements_covered": 0.0, "percent_statements_covered_display": "0.00"}, "missing_lines": [10, 12, 15, 16, 27], "excluded_lines": [], "functions": {"health_check": {"executed_lines": [], "summary": {"covered_lines": 0, "num_statements": 1, "percent_covered": 0.0, "percent_covered_display": "0.00", "missing_lines": 1, "excluded_lines": 0, "percent_statements_covered": 0.0, "percent_statements_covered_display": "0.00"}, "missing_lines": [27], "excluded_lines": [], "start_line": 16}, "": {"executed_lines": [], "summary": {"covered_lines": 0, "num_statements": 4, "percent_covered": 0.0, "percent_covered_display": "0.00", "missing_lines": 4, "excluded_lines": 0, "percent_statements_covered": 0.0, "percent_statements_covered_display": "0.00"}, "missing_lines": [10, 12, 15, 16], "excluded_lines": [], "start_line": 1}}, "classes": {"": {"executed_lines": [], "summary": {"covered_lines": 0, "num_statements": 5, "percent_covered": 0.0, "percent_covered_display": "0.00", "missing_lines": 5, "excluded_lines": 0, "percent_statements_covered": 0.0, "percent_statements_covered_display": "0.00"}, "missing_lines": [10, 12, 15, 16, 27], "excluded_lines": [], "start_line": 1}}}, "crawl4r/cli/__init__.py": {"executed_lines": [], "summary": {"covered_lines": 0, "num_statements": 0, "percent_covered": 100.0, "percent_covered_display": "100.00", "missing_lines": 0, "excluded_lines": 0, "percent_statements_covered": 100.0, "percent_statements_covered_display": "100.00"}, "missing_lines": [], "excluded_lines": [], "functions": {"": {"executed_lines": [], "summary": {"covered_lines": 0, "num_statements": 0, "percent_covered": 100.0, "percent_covered_display": "100.00", "missing_lines": 0, "excluded_lines": 0, "percent_statements_covered": 100.0, "percent_statements_covered_display": "100.00"}, "missing_lines": [], "excluded_lines": [], "start_line": 1}}, "classes": {"": {"executed_lines": [], "summary": {"covered_lines": 0, "num_statements": 0, "percent_covered": 100.0, "percent_covered_display": "100.00", "missing_lines": 0, "excluded_lines": 0, "percent_statements_covered": 100.0, "percent_statements_covered_display": "100.00"}, "missing_lines": [], "excluded_lines": [], "start_line": 1}}}, "crawl4r/cli/commands/__init__.py": {"executed_lines": [], "summary": {"covered_lines": 0, "num_statements": 0, "percent_covered": 100.0, "percent_covered_display": "100.00", "missing_lines": 0, "excluded_lines": 0, "percent_statements_covered": 100.0, "percent_statements_covered_display": "100.00"}, "missing_lines": [], "excluded_lines": [], "functions": {"": {"executed_lines": [], "summary": {"covered_lines": 0, "num_statements": 0, "percent_covered": 100.0, "percent_covered_display": "100.00", "missing_lines": 0, "excluded_lines": 0, "percent_statements_covered": 100.0, "percent_statements_covered_display": "100.00"}, "missing_lines": [], "excluded_lines": [], "start_line": 1}}, "classes": {"": {"executed_lines": [], "summary": {"covered_lines": 0, "num_statements": 0, "percent_covered": 100.0, "percent_covered_display": "100.00", "missing_lines": 0, "excluded_lines": 0, "percent_statements_covered": 100.0, "percent_statements_covered_display": "100.00"}, "missing_lines": [], "excluded_lines": [], "start_line": 1}}}, "crawl4r/cli/main.py": {"executed_lines": [29, 30, 31, 32, 33, 34, 36, 37, 39, 40, 41, 42, 43, 44, 45, 46, 49, 50, 53, 56, 69, 71, 72, 75, 76, 78, 79, 80, 82, 85, 121, 123, 124, 126, 129, 130, 133, 134, 135, 138, 139, 140, 141, 143, 144, 145, 147, 149, 151, 153, 158, 161, 163, 165, 166, 167, 169, 173, 202, 203, 207, 212, 218, 220, 223, 247, 248, 249, 250, 255, 295, 298, 299, 304, 305, 306, 309, 314, 317, 318, 321, 322, 325, 326, 329, 334, 339, 342, 343, 344, 345, 346, 347, 351, 354, 355, 361, 362, 367, 369, 370, 373, 374, 375, 377, 378, 379, 380, 383], "summary": {"covered_lines": 109, "num_statements": 110, "percent_covered": 99.0909090909091, "percent_covered_display": "99.09", "missing_lines": 1, "excluded_lines": 0, "percent_statements_covered": 99.0909090909091, "percent_statements_covered_display": "99.09"}, "missing_lines": [384], "excluded_lines": [], "functions": {"get_filesystem_files": {"executed_lines": [69, 71, 72, 75, 76, 78, 79, 80, 82], "summary": {"covered_lines": 9, "num_statements": 9, "percent_covered": 100.0, "percent_covered_display": "100.00", "missing_lines": 0, "excluded_lines": 0, "percent_statements_covered": 100.0, "percent_statements_covered_display": "100.00"}, "missing_lines": [], "excluded_lines": [], "start_line": 56}, "process_events_loop": {"executed_lines": [121, 123, 124, 126, 129, 130, 133, 134, 135, 138, 139, 140, 141, 143, 144, 145, 147, 149, 151, 153, 158, 161, 163, 165, 166, 167, 169], "summary": {"covered_lines": 27, "num_statements": 27, "percent_covered": 100.0, "percent_covered_display": "100.00", "missing_lines": 0, "excluded_lines": 0, "percent_statements_covered": 100.0, "percent_statements_covered_display": "100.00"}, "missing_lines": [], "excluded_lines": [], "start_line": 85}, "setup_components": {"executed_lines": [202, 203, 207, 212, 218, 220], "summary": {"covered_lines": 6, "num_statements": 6, "percent_covered": 100.0, "percent_covered_display": "100.00", "missing_lines": 0, "excluded_lines": 0, "percent_statements_covered": 100.0, "percent_statements_covered_display": "100.00"}, "missing_lines": [], "excluded_lines": [], "start_line": 173}, "run_startup_validations": {"executed_lines": [247, 248, 249, 250], "summary": {"covered_lines": 4, "num_statements": 4, "percent_covered": 100.0, "percent_covered_display": "100.00", "missing_lines": 0, "excluded_lines": 0, "percent_statements_covered": 100.0, "percent_statements_covered_display": "100.00"}, "missing_lines": [], "excluded_lines": [], "start_line": 223}, "main": {"executed_lines": [295, 298, 299, 304, 305, 306, 309, 314, 317, 318, 321, 322, 325, 326, 329, 334, 339, 342, 343, 344, 345, 346, 347, 351, 354, 355, 361, 362, 367, 369, 370, 373, 374, 375, 377, 378, 379, 380], "summary": {"covered_lines": 38, "num_statements": 38, "percent_covered": 100.0, "percent_covered_display": "100.00", "missing_lines": 0, "excluded_lines": 0, "percent_statements_covered": 100.0, "percent_statements_covered_display": "100.00"}, "missing_lines": [], "excluded_lines": [], "start_line": 255}, "": {"executed_lines": [29, 30, 31, 32, 33, 34, 36, 37, 39, 40, 41, 42, 43, 44, 45, 46, 49, 50, 53, 56, 85, 173, 223, 255, 383], "summary": {"covered_lines": 25, "num_statements": 26, "percent_covered": 96.15384615384616, "percent_covered_display": "96.15", "missing_lines": 1, "excluded_lines": 0, "percent_statements_covered": 96.15384615384616, "percent_statements_covered_display": "96.15"}, "missing_lines": [384], "excluded_lines": [], "start_line": 1}}, "classes": {"": {"executed_lines": [29, 30, 31, 32, 33, 34, 36, 37, 39, 40, 41, 42, 43, 44, 45, 46, 49, 50, 53, 56, 69, 71, 72, 75, 76, 78, 79, 80, 82, 85, 121, 123, 124, 126, 129, 130, 133, 134, 135, 138, 139, 140, 141, 143, 144, 145, 147, 149, 151, 153, 158, 161, 163, 165, 166, 167, 169, 173, 202, 203, 207, 212, 218, 220, 223, 247, 248, 249, 250, 255, 295, 298, 299, 304, 305, 306, 309, 314, 317, 318, 321, 322, 325, 326, 329, 334, 339, 342, 343, 344, 345, 346, 347, 351, 354, 355, 361, 362, 367, 369, 370, 373, 374, 375, 377, 378, 379, 380, 383], "summary": {"covered_lines": 109, "num_statements": 110, "percent_covered": 99.0909090909091, "percent_covered_display": "99.09", "missing_lines": 1, "excluded_lines": 0, "percent_statements_covered": 99.0909090909091, "percent_statements_covered_display": "99.09"}, "missing_lines": [384], "excluded_lines": [], "start_line": 1}}}, "crawl4r/core/__init__.py": {"executed_lines": [], "summary": {"covered_lines": 0, "num_statements": 0, "percent_covered": 100.0, "percent_covered_display": "100.00", "missing_lines": 0, "excluded_lines": 0, "percent_statements_covered": 100.0, "percent_statements_covered_display": "100.00"}, "missing_lines": [], "excluded_lines": [], "functions": {"": {"executed_lines": [], "summary": {"covered_lines": 0, "num_statements": 0, "percent_covered": 100.0, "percent_covered_display": "100.00", "missing_lines": 0, "excluded_lines": 0, "percent_statements_covered": 100.0, "percent_statements_covered_display": "100.00"}, "missing_lines": [], "excluded_lines": [], "start_line": 1}}, "classes": {"": {"executed_lines": [], "summary": {"covered_lines": 0, "num_statements": 0, "percent_covered": 100.0, "percent_covered_display": "100.00", "missing_lines": 0, "excluded_lines": 0, "percent_statements_covered": 100.0, "percent_statements_covered_display": "100.00"}, "missing_lines": [], "excluded_lines": [], "start_line": 1}}}, "crawl4r/core/config.py": {"executed_lines": [13, 14, 16, 17, 20, 60, 63, 64, 65, 66, 70, 75, 80, 84, 89, 93, 99, 100, 103, 104, 105, 108, 109, 111, 119, 120, 121, 139, 140, 141, 143, 144, 145, 163, 164, 165, 167, 168, 169, 187, 188, 189, 191, 192, 193, 211, 212, 213], "summary": {"covered_lines": 48, "num_statements": 48, "percent_covered": 100.0, "percent_covered_display": "100.00", "missing_lines": 0, "excluded_lines": 0, "percent_statements_covered": 100.0, "percent_statements_covered_display": "100.00"}, "missing_lines": [], "excluded_lines": [], "functions": {"Settings.validate_chunk_overlap": {"executed_lines": [139, 140, 141], "summary": {"covered_lines": 3, "num_statements": 3, "percent_covered": 100.0, "percent_covered_display": "100.00", "missing_lines": 0, "excluded_lines": 0, "percent_statements_covered": 100.0, "percent_statements_covered_display": "100.00"}, "missing_lines": [], "excluded_lines": [], "start_line": 121}, "Settings.validate_max_concurrent_docs": {"executed_lines": [163, 164, 165], "summary": {"covered_lines": 3, "num_statements": 3, "percent_covered": 100.0, "percent_covered_display": "100.00", "missing_lines": 0, "excluded_lines": 0, "percent_statements_covered": 100.0, "percent_statements_covered_display": "100.00"}, "missing_lines": [], "excluded_lines": [], "start_line": 145}, "Settings.validate_queue_max_size": {"executed_lines": [187, 188, 189], "summary": {"covered_lines": 3, "num_statements": 3, "percent_covered": 100.0, "percent_covered_display": "100.00", "missing_lines": 0, "excluded_lines": 0, "percent_statements_covered": 100.0, "percent_statements_covered_display": "100.00"}, "missing_lines": [], "excluded_lines": [], "start_line": 169}, "Settings.validate_batch_size": {"executed_lines": [211, 212, 213], "summary": {"covered_lines": 3, "num_statements": 3, "percent_covered": 100.0, "percent_covered_display": "100.00", "missing_lines": 0, "excluded_lines": 0, "percent_statements_covered": 100.0, "percent_statements_covered_display": "100.00"}, "missing_lines": [], "excluded_lines": [], "start_line": 193}, "": {"executed_lines": [13, 14, 16, 17, 20, 60, 63, 64, 65, 66, 70, 75, 80, 84, 89, 93, 99, 100, 103, 104, 105, 108, 109, 111, 119, 120, 121, 143, 144, 145, 167, 168, 169, 191, 192, 193], "summary": {"covered_lines": 36, "num_statements": 36, "percent_covered": 100.0, "percent_covered_display": "100.00", "missing_lines": 0, "excluded_lines": 0, "percent_statements_covered": 100.0, "percent_statements_covered_display": "100.00"}, "missing_lines": [], "excluded_lines": [], "start_line": 1}}, "classes": {"Settings": {"executed_lines": [139, 140, 141, 163, 164, 165, 187, 188, 189, 211, 212, 213], "summary": {"covered_lines": 12, "num_statements": 12, "percent_covered": 100.0, "percent_covered_display": "100.00", "missing_lines": 0, "excluded_lines": 0, "percent_statements_covered": 100.0, "percent_statements_covered_display": "100.00"}, "missing_lines": [], "excluded_lines": [], "start_line": 20}, "": {"executed_lines": [13, 14, 16, 17, 20, 60, 63, 64, 65, 66, 70, 75, 80, 84, 89, 93, 99, 100, 103, 104, 105, 108, 109, 111, 119, 120, 121, 143, 144, 145, 167, 168, 169, 191, 192, 193], "summary": {"covered_lines": 36, "num_statements": 36, "percent_covered": 100.0, "percent_covered_display": "100.00", "missing_lines": 0, "excluded_lines": 0, "percent_statements_covered": 100.0, "percent_statements_covered_display": "100.00"}, "missing_lines": [], "excluded_lines": [], "start_line": 1}}}, "crawl4r/core/logger.py": {"executed_lines": [13, 14, 15, 18, 21, 24, 25, 28, 66, 67, 71, 74, 77, 78, 79, 80, 83, 84, 89, 91, 96, 97, 98, 100], "summary": {"covered_lines": 24, "num_statements": 24, "percent_covered": 100.0, "percent_covered_display": "100.00", "missing_lines": 0, "excluded_lines": 0, "percent_statements_covered": 100.0, "percent_statements_covered_display": "100.00"}, "missing_lines": [], "excluded_lines": [], "functions": {"get_logger": {"executed_lines": [66, 67, 71, 74, 77, 78, 79, 80, 83, 84, 89, 91, 96, 97, 98, 100], "summary": {"covered_lines": 16, "num_statements": 16, "percent_covered": 100.0, "percent_covered_display": "100.00", "missing_lines": 0, "excluded_lines": 0, "percent_statements_covered": 100.0, "percent_statements_covered_display": "100.00"}, "missing_lines": [], "excluded_lines": [], "start_line": 28}, "": {"executed_lines": [13, 14, 15, 18, 21, 24, 25, 28], "summary": {"covered_lines": 8, "num_statements": 8, "percent_covered": 100.0, "percent_covered_display": "100.00", "missing_lines": 0, "excluded_lines": 0, "percent_statements_covered": 100.0, "percent_statements_covered_display": "100.00"}, "missing_lines": [], "excluded_lines": [], "start_line": 1}}, "classes": {"": {"executed_lines": [13, 14, 15, 18, 21, 24, 25, 28, 66, 67, 71, 74, 77, 78, 79, 80, 83, 84, 89, 91, 96, 97, 98, 100], "summary": {"covered_lines": 24, "num_statements": 24, "percent_covered": 100.0, "percent_covered_display": "100.00", "missing_lines": 0, "excluded_lines": 0, "percent_statements_covered": 100.0, "percent_statements_covered_display": "100.00"}, "missing_lines": [], "excluded_lines": [], "start_line": 1}}}, "crawl4r/core/quality.py": {"executed_lines": [25, 26, 27, 28, 34, 37, 43, 44, 47, 48, 51, 68, 77, 78, 80, 109, 111, 112, 114, 117, 118, 124, 125, 127, 129, 131, 133, 139, 140, 143, 146, 147, 148, 151, 153, 185, 187, 188, 191, 194, 195, 198, 202, 204, 205, 213, 216, 217, 218, 224, 225, 229, 230, 232, 234, 236, 238, 244, 245, 248, 251, 252, 253, 256, 258, 283, 284, 286, 287, 288, 290, 316, 318, 321, 322, 324, 349, 352, 355, 356], "summary": {"covered_lines": 80, "num_statements": 87, "percent_covered": 91.95402298850574, "percent_covered_display": "91.95", "missing_lines": 7, "excluded_lines": 6, "percent_statements_covered": 91.95402298850574, "percent_statements_covered_display": "91.95"}, "missing_lines": [192, 206, 207, 211, 212, 226, 319], "excluded_lines": [30, 31, 39, 40, 41, 42], "functions": {"VectorStoreProtocol.get_collection_info": {"executed_lines": [], "summary": {"covered_lines": 0, "num_statements": 0, "percent_covered": 100.0, "percent_covered_display": "100.00", "missing_lines": 0, "excluded_lines": 1, "percent_statements_covered": 100.0, "percent_statements_covered_display": "100.00"}, "missing_lines": [], "excluded_lines": [39], "start_line": 37}, "QualityVerifier.__init__": {"executed_lines": [77, 78], "summary": {"covered_lines": 2, "num_statements": 2, "percent_covered": 100.0, "percent_covered_display": "100.00", "missing_lines": 0, "excluded_lines": 0, "percent_statements_covered": 100.0, "percent_statements_covered_display": "100.00"}, "missing_lines": [], "excluded_lines": [], "start_line": 68}, "QualityVerifier.validate_tei_connection": {"executed_lines": [109, 111, 112, 114, 117, 118, 124, 125, 127, 129, 131, 133, 139, 140, 143, 146, 147, 148, 151], "summary": {"covered_lines": 19, "num_statements": 19, "percent_covered": 100.0, "percent_covered_display": "100.00", "missing_lines": 0, "excluded_lines": 0, "percent_statements_covered": 100.0, "percent_statements_covered_display": "100.00"}, "missing_lines": [], "excluded_lines": [], "start_line": 80}, "QualityVerifier.validate_qdrant_connection": {"executed_lines": [185, 187, 188, 191, 194, 195, 198, 202, 204, 205, 213, 216, 217, 218, 224, 225, 229, 230, 232, 234, 236, 238, 244, 245, 248, 251, 252, 253, 256], "summary": {"covered_lines": 29, "num_statements": 35, "percent_covered": 82.85714285714286, "percent_covered_display": "82.86", "missing_lines": 6, "excluded_lines": 0, "percent_statements_covered": 82.85714285714286, "percent_statements_covered_display": "82.86"}, "missing_lines": [192, 206, 207, 211, 212, 226], "excluded_lines": [], "start_line": 153}, "QualityVerifier.check_embedding_dimensions": {"executed_lines": [283, 284, 286, 287, 288], "summary": {"covered_lines": 5, "num_statements": 5, "percent_covered": 100.0, "percent_covered_display": "100.00", "missing_lines": 0, "excluded_lines": 0, "percent_statements_covered": 100.0, "percent_statements_covered_display": "100.00"}, "missing_lines": [], "excluded_lines": [], "start_line": 258}, "QualityVerifier.sample_embeddings": {"executed_lines": [316, 318, 321, 322], "summary": {"covered_lines": 4, "num_statements": 5, "percent_covered": 80.0, "percent_covered_display": "80.00", "missing_lines": 1, "excluded_lines": 0, "percent_statements_covered": 80.0, "percent_statements_covered_display": "80.00"}, "missing_lines": [319], "excluded_lines": [], "start_line": 290}, "QualityVerifier.check_normalization": {"executed_lines": [349, 352, 355, 356], "summary": {"covered_lines": 4, "num_statements": 4, "percent_covered": 100.0, "percent_covered_display": "100.00", "missing_lines": 0, "excluded_lines": 0, "percent_statements_covered": 100.0, "percent_statements_covered_display": "100.00"}, "missing_lines": [], "excluded_lines": [], "start_line": 324}, "": {"executed_lines": [25, 26, 27, 28, 34, 37, 43, 44, 47, 48, 51, 68, 80, 153, 258, 290, 324], "summary": {"covered_lines": 17, "num_statements": 17, "percent_covered": 100.0, "percent_covered_display": "100.00", "missing_lines": 0, "excluded_lines": 5, "percent_statements_covered": 100.0, "percent_statements_covered_display": "100.00"}, "missing_lines": [], "excluded_lines": [30, 31, 40, 41, 42], "start_line": 1}}, "classes": {"VectorStoreProtocol": {"executed_lines": [], "summary": {"covered_lines": 0, "num_statements": 0, "percent_covered": 100.0, "percent_covered_display": "100.00", "missing_lines": 0, "excluded_lines": 1, "percent_statements_covered": 100.0, "percent_statements_covered_display": "100.00"}, "missing_lines": [], "excluded_lines": [39], "start_line": 34}, "QualityVerifier": {"executed_lines": [77, 78, 109, 111, 112, 114, 117, 118, 124, 125, 127, 129, 131, 133, 139, 140, 143, 146, 147, 148, 151, 185, 187, 188, 191, 194, 195, 198, 202, 204, 205, 213, 216, 217, 218, 224, 225, 229, 230, 232, 234, 236, 238, 244, 245, 248, 251, 252, 253, 256, 283, 284, 286, 287, 288, 316, 318, 321, 322, 349, 352, 355, 356], "summary": {"covered_lines": 63, "num_statements": 70, "percent_covered": 90.0, "percent_covered_display": "90.00", "missing_lines": 7, "excluded_lines": 0, "percent_statements_covered": 90.0, "percent_statements_covered_display": "90.00"}, "missing_lines": [192, 206, 207, 211, 212, 226, 319], "excluded_lines": [], "start_line": 51}, "": {"executed_lines": [25, 26, 27, 28, 34, 37, 43, 44, 47, 48, 51, 68, 80, 153, 258, 290, 324], "summary": {"covered_lines": 17, "num_statements": 17, "percent_covered": 100.0, "percent_covered_display": "100.00", "missing_lines": 0, "excluded_lines": 5, "percent_statements_covered": 100.0, "percent_statements_covered_display": "100.00"}, "missing_lines": [], "excluded_lines": [30, 31, 40, 41, 42], "start_line": 1}}}, "crawl4r/processing/__init__.py": {"executed_lines": [], "summary": {"covered_lines": 0, "num_statements": 0, "percent_covered": 100.0, "percent_covered_display": "100.00", "missing_lines": 0, "excluded_lines": 0, "percent_statements_covered": 100.0, "percent_statements_covered_display": "100.00"}, "missing_lines": [], "excluded_lines": [], "functions": {"": {"executed_lines": [], "summary": {"covered_lines": 0, "num_statements": 0, "percent_covered": 100.0, "percent_covered_display": "100.00", "missing_lines": 0, "excluded_lines": 0, "percent_statements_covered": 100.0, "percent_statements_covered_display": "100.00"}, "missing_lines": [], "excluded_lines": [], "start_line": 1}}, "classes": {"": {"executed_lines": [], "summary": {"covered_lines": 0, "num_statements": 0, "percent_covered": 100.0, "percent_covered_display": "100.00", "missing_lines": 0, "excluded_lines": 0, "percent_statements_covered": 100.0, "percent_statements_covered_display": "100.00"}, "missing_lines": [], "excluded_lines": [], "start_line": 1}}}, "crawl4r/processing/chunker.py": {"executed_lines": [18, 19, 21, 24, 33, 34, 35, 38, 49, 50, 51, 52, 53, 56, 88, 115, 116, 118, 119, 121, 122, 124, 170, 171, 175, 176, 180, 181, 182, 183, 184, 187, 191, 194, 196, 197, 200, 213, 215, 216, 217, 219, 223, 225, 227, 259, 260, 263, 264, 266, 270, 273, 274, 276, 278, 280, 281, 290, 292, 294, 328, 331, 332, 333, 334, 335, 336, 339, 340, 349, 350, 352, 355, 356, 359, 362, 365, 366, 367, 369, 371, 373, 381, 383, 424, 427, 428, 429, 432, 433, 436, 437, 439, 441, 442, 445, 447, 448, 450, 454, 457, 458, 459, 461], "summary": {"covered_lines": 104, "num_statements": 109, "percent_covered": 95.41284403669725, "percent_covered_display": "95.41", "missing_lines": 5, "excluded_lines": 0, "percent_statements_covered": 95.41284403669725, "percent_statements_covered_display": "95.41"}, "missing_lines": [177, 188, 267, 451, 452], "excluded_lines": [], "functions": {"MarkdownChunker.__init__": {"executed_lines": [115, 116, 118, 119, 121, 122], "summary": {"covered_lines": 6, "num_statements": 6, "percent_covered": 100.0, "percent_covered_display": "100.00", "missing_lines": 0, "excluded_lines": 0, "percent_statements_covered": 100.0, "percent_statements_covered_display": "100.00"}, "missing_lines": [], "excluded_lines": [], "start_line": 88}, "MarkdownChunker.parse_frontmatter": {"executed_lines": [170, 171, 175, 176, 180, 181, 182, 183, 184, 187, 191, 194, 196, 197, 200, 213, 215, 216, 217, 219, 223, 225], "summary": {"covered_lines": 22, "num_statements": 24, "percent_covered": 91.66666666666667, "percent_covered_display": "91.67", "missing_lines": 2, "excluded_lines": 0, "percent_statements_covered": 91.66666666666667, "percent_statements_covered_display": "91.67"}, "missing_lines": [177, 188], "excluded_lines": [], "start_line": 124}, "MarkdownChunker.chunk": {"executed_lines": [259, 260, 263, 264, 266, 270, 273, 274, 276, 278, 280, 281, 290, 292], "summary": {"covered_lines": 14, "num_statements": 15, "percent_covered": 93.33333333333333, "percent_covered_display": "93.33", "missing_lines": 1, "excluded_lines": 0, "percent_statements_covered": 93.33333333333333, "percent_statements_covered_display": "93.33"}, "missing_lines": [267], "excluded_lines": [], "start_line": 227}, "MarkdownChunker._split_by_headings": {"executed_lines": [328, 331, 332, 333, 334, 335, 336, 339, 340, 349, 350, 352, 355, 356, 359, 362, 365, 366, 367, 369, 371, 373, 381], "summary": {"covered_lines": 23, "num_statements": 23, "percent_covered": 100.0, "percent_covered_display": "100.00", "missing_lines": 0, "excluded_lines": 0, "percent_statements_covered": 100.0, "percent_statements_covered_display": "100.00"}, "missing_lines": [], "excluded_lines": [], "start_line": 294}, "MarkdownChunker._split_section": {"executed_lines": [424, 427, 428, 429, 432, 433, 436, 437, 439, 441, 442, 445, 447, 448, 450, 454, 457, 458, 459, 461], "summary": {"covered_lines": 20, "num_statements": 22, "percent_covered": 90.9090909090909, "percent_covered_display": "90.91", "missing_lines": 2, "excluded_lines": 0, "percent_statements_covered": 90.9090909090909, "percent_statements_covered_display": "90.91"}, "missing_lines": [451, 452], "excluded_lines": [], "start_line": 383}, "": {"executed_lines": [18, 19, 21, 24, 33, 34, 35, 38, 49, 50, 51, 52, 53, 56, 88, 124, 227, 294, 383], "summary": {"covered_lines": 19, "num_statements": 19, "percent_covered": 100.0, "percent_covered_display": "100.00", "missing_lines": 0, "excluded_lines": 0, "percent_statements_covered": 100.0, "percent_statements_covered_display": "100.00"}, "missing_lines": [], "excluded_lines": [], "start_line": 1}}, "classes": {"SectionDict": {"executed_lines": [], "summary": {"covered_lines": 0, "num_statements": 0, "percent_covered": 100.0, "percent_covered_display": "100.00", "missing_lines": 0, "excluded_lines": 0, "percent_statements_covered": 100.0, "percent_statements_covered_display": "100.00"}, "missing_lines": [], "excluded_lines": [], "start_line": 24}, "ChunkDict": {"executed_lines": [], "summary": {"covered_lines": 0, "num_statements": 0, "percent_covered": 100.0, "percent_covered_display": "100.00", "missing_lines": 0, "excluded_lines": 0, "percent_statements_covered": 100.0, "percent_statements_covered_display": "100.00"}, "missing_lines": [], "excluded_lines": [], "start_line": 38}, "MarkdownChunker": {"executed_lines": [115, 116, 118, 119, 121, 122, 170, 171, 175, 176, 180, 181, 182, 183, 184, 187, 191, 194, 196, 197, 200, 213, 215, 216, 217, 219, 223, 225, 259, 260, 263, 264, 266, 270, 273, 274, 276, 278, 280, 281, 290, 292, 328, 331, 332, 333, 334, 335, 336, 339, 340, 349, 350, 352, 355, 356, 359, 362, 365, 366, 367, 369, 371, 373, 381, 424, 427, 428, 429, 432, 433, 436, 437, 439, 441, 442, 445, 447, 448, 450, 454, 457, 458, 459, 461], "summary": {"covered_lines": 85, "num_statements": 90, "percent_covered": 94.44444444444444, "percent_covered_display": "94.44", "missing_lines": 5, "excluded_lines": 0, "percent_statements_covered": 94.44444444444444, "percent_statements_covered_display": "94.44"}, "missing_lines": [177, 188, 267, 451, 452], "excluded_lines": [], "start_line": 56}, "MarkdownChunker.parse_frontmatter.NoDatesSafeLoader": {"executed_lines": [], "summary": {"covered_lines": 0, "num_statements": 0, "percent_covered": 100.0, "percent_covered_display": "100.00", "missing_lines": 0, "excluded_lines": 0, "percent_statements_covered": 100.0, "percent_statements_covered_display": "100.00"}, "missing_lines": [], "excluded_lines": [], "start_line": 196}, "": {"executed_lines": [18, 19, 21, 24, 33, 34, 35, 38, 49, 50, 51, 52, 53, 56, 88, 124, 227, 294, 383], "summary": {"covered_lines": 19, "num_statements": 19, "percent_covered": 100.0, "percent_covered_display": "100.00", "missing_lines": 0, "excluded_lines": 0, "percent_statements_covered": 100.0, "percent_statements_covered_display": "100.00"}, "missing_lines": [], "excluded_lines": [], "start_line": 1}}}, "crawl4r/processing/processor.py": {"executed_lines": [32, 33, 34, 35, 36, 37, 38, 39, 41, 42, 43, 44, 47, 48, 51, 52, 63, 64, 65, 66, 67, 70, 90, 103, 104, 105, 107, 108, 110, 112, 113, 115, 117, 118, 120, 122, 123, 125, 127, 128, 130, 132, 133, 135, 137, 138, 140, 142, 143, 145, 147, 148, 150, 152, 153, 155, 157, 158, 163, 177, 178, 179, 180, 182, 211, 212, 213, 214, 216, 239, 241, 297, 299, 301, 302, 311, 314, 397, 405, 415, 417, 425, 470, 472, 473, 474, 476, 478, 517, 518, 521, 522, 525, 528, 529, 530, 533, 535, 536, 537, 540, 546, 547, 548, 551, 553, 555, 556, 559, 560, 562, 563, 564, 566, 572, 573, 576, 577, 578, 581, 582, 585], "summary": {"covered_lines": 122, "num_statements": 155, "percent_covered": 78.70967741935483, "percent_covered_display": "78.71", "missing_lines": 33, "excluded_lines": 0, "percent_statements_covered": 78.70967741935483, "percent_statements_covered_display": "78.71"}, "missing_lines": [160, 317, 319, 320, 323, 324, 327, 329, 332, 335, 338, 343, 344, 345, 346, 347, 350, 351, 353, 356, 369, 370, 372, 373, 377, 378, 381, 382, 387, 389, 398, 407, 408], "excluded_lines": [], "functions": {"BatchResult.__init__": {"executed_lines": [103, 104, 105], "summary": {"covered_lines": 3, "num_statements": 3, "percent_covered": 100.0, "percent_covered_display": "100.00", "missing_lines": 0, "excluded_lines": 0, "percent_statements_covered": 100.0, "percent_statements_covered_display": "100.00"}, "missing_lines": [], "excluded_lines": [], "start_line": 90}, "BatchResult.total_documents": {"executed_lines": [110], "summary": {"covered_lines": 1, "num_statements": 1, "percent_covered": 100.0, "percent_covered_display": "100.00", "missing_lines": 0, "excluded_lines": 0, "percent_statements_covered": 100.0, "percent_statements_covered_display": "100.00"}, "missing_lines": [], "excluded_lines": [], "start_line": 108}, "BatchResult.total_files": {"executed_lines": [115], "summary": {"covered_lines": 1, "num_statements": 1, "percent_covered": 100.0, "percent_covered_display": "100.00", "missing_lines": 0, "excluded_lines": 0, "percent_statements_covered": 100.0, "percent_statements_covered_display": "100.00"}, "missing_lines": [], "excluded_lines": [], "start_line": 113}, "BatchResult.successful": {"executed_lines": [120], "summary": {"covered_lines": 1, "num_statements": 1, "percent_covered": 100.0, "percent_covered_display": "100.00", "missing_lines": 0, "excluded_lines": 0, "percent_statements_covered": 100.0, "percent_statements_covered_display": "100.00"}, "missing_lines": [], "excluded_lines": [], "start_line": 118}, "BatchResult.successful_files": {"executed_lines": [125], "summary": {"covered_lines": 1, "num_statements": 1, "percent_covered": 100.0, "percent_covered_display": "100.00", "missing_lines": 0, "excluded_lines": 0, "percent_statements_covered": 100.0, "percent_statements_covered_display": "100.00"}, "missing_lines": [], "excluded_lines": [], "start_line": 123}, "BatchResult.failed": {"executed_lines": [130], "summary": {"covered_lines": 1, "num_statements": 1, "percent_covered": 100.0, "percent_covered_display": "100.00", "missing_lines": 0, "excluded_lines": 0, "percent_statements_covered": 100.0, "percent_statements_covered_display": "100.00"}, "missing_lines": [], "excluded_lines": [], "start_line": 128}, "BatchResult.failed_files": {"executed_lines": [135], "summary": {"covered_lines": 1, "num_statements": 1, "percent_covered": 100.0, "percent_covered_display": "100.00", "missing_lines": 0, "excluded_lines": 0, "percent_statements_covered": 100.0, "percent_statements_covered_display": "100.00"}, "missing_lines": [], "excluded_lines": [], "start_line": 133}, "BatchResult.total_chunks_processed": {"executed_lines": [140], "summary": {"covered_lines": 1, "num_statements": 1, "percent_covered": 100.0, "percent_covered_display": "100.00", "missing_lines": 0, "excluded_lines": 0, "percent_statements_covered": 100.0, "percent_statements_covered_display": "100.00"}, "missing_lines": [], "excluded_lines": [], "start_line": 138}, "BatchResult.total_chunks": {"executed_lines": [145], "summary": {"covered_lines": 1, "num_statements": 1, "percent_covered": 100.0, "percent_covered_display": "100.00", "missing_lines": 0, "excluded_lines": 0, "percent_statements_covered": 100.0, "percent_statements_covered_display": "100.00"}, "missing_lines": [], "excluded_lines": [], "start_line": 143}, "BatchResult.total_time": {"executed_lines": [150], "summary": {"covered_lines": 1, "num_statements": 1, "percent_covered": 100.0, "percent_covered_display": "100.00", "missing_lines": 0, "excluded_lines": 0, "percent_statements_covered": 100.0, "percent_statements_covered_display": "100.00"}, "missing_lines": [], "excluded_lines": [], "start_line": 148}, "BatchResult.documents_per_second": {"executed_lines": [155], "summary": {"covered_lines": 1, "num_statements": 1, "percent_covered": 100.0, "percent_covered_display": "100.00", "missing_lines": 0, "excluded_lines": 0, "percent_statements_covered": 100.0, "percent_statements_covered_display": "100.00"}, "missing_lines": [], "excluded_lines": [], "start_line": 153}, "BatchResult.errors": {"executed_lines": [], "summary": {"covered_lines": 0, "num_statements": 1, "percent_covered": 0.0, "percent_covered_display": "0.00", "missing_lines": 1, "excluded_lines": 0, "percent_statements_covered": 0.0, "percent_statements_covered_display": "0.00"}, "missing_lines": [160], "excluded_lines": [], "start_line": 158}, "DocumentProcessor.__init__": {"executed_lines": [211, 212, 213, 214], "summary": {"covered_lines": 4, "num_statements": 4, "percent_covered": 100.0, "percent_covered_display": "100.00", "missing_lines": 0, "excluded_lines": 0, "percent_statements_covered": 100.0, "percent_statements_covered_display": "100.00"}, "missing_lines": [], "excluded_lines": [], "start_line": 182}, "DocumentProcessor._load_markdown_file": {"executed_lines": [239], "summary": {"covered_lines": 1, "num_statements": 1, "percent_covered": 100.0, "percent_covered_display": "100.00", "missing_lines": 0, "excluded_lines": 0, "percent_statements_covered": 100.0, "percent_statements_covered_display": "100.00"}, "missing_lines": [], "excluded_lines": [], "start_line": 216}, "DocumentProcessor.process_document": {"executed_lines": [297, 299, 301, 302, 311, 314, 397, 405, 415, 417], "summary": {"covered_lines": 10, "num_statements": 42, "percent_covered": 23.80952380952381, "percent_covered_display": "23.81", "missing_lines": 32, "excluded_lines": 0, "percent_statements_covered": 23.80952380952381, "percent_statements_covered_display": "23.81"}, "missing_lines": [317, 319, 320, 323, 324, 327, 329, 332, 335, 338, 343, 344, 345, 346, 347, 350, 351, 353, 356, 369, 370, 372, 373, 377, 378, 381, 382, 387, 389, 398, 407, 408], "excluded_lines": [], "start_line": 241}, "DocumentProcessor.process_batch": {"executed_lines": [470, 472, 473, 474, 476], "summary": {"covered_lines": 5, "num_statements": 5, "percent_covered": 100.0, "percent_covered_display": "100.00", "missing_lines": 0, "excluded_lines": 0, "percent_statements_covered": 100.0, "percent_statements_covered_display": "100.00"}, "missing_lines": [], "excluded_lines": [], "start_line": 425}, "DocumentProcessor.process_batch_concurrent": {"executed_lines": [517, 518, 521, 522, 525, 528, 529, 530, 533, 535, 540, 546, 547, 548, 551, 553, 555, 556, 559, 560, 562, 566, 572, 573, 576, 577, 578, 581, 582, 585], "summary": {"covered_lines": 30, "num_statements": 30, "percent_covered": 100.0, "percent_covered_display": "100.00", "missing_lines": 0, "excluded_lines": 0, "percent_statements_covered": 100.0, "percent_statements_covered_display": "100.00"}, "missing_lines": [], "excluded_lines": [], "start_line": 478}, "DocumentProcessor.process_batch_concurrent.process_with_semaphore": {"executed_lines": [536, 537], "summary": {"covered_lines": 2, "num_statements": 2, "percent_covered": 100.0, "percent_covered_display": "100.00", "missing_lines": 0, "excluded_lines": 0, "percent_statements_covered": 100.0, "percent_statements_covered_display": "100.00"}, "missing_lines": [], "excluded_lines": [], "start_line": 535}, "DocumentProcessor.process_batch_concurrent.retry_with_semaphore": {"executed_lines": [563, 564], "summary": {"covered_lines": 2, "num_statements": 2, "percent_covered": 100.0, "percent_covered_display": "100.00", "missing_lines": 0, "excluded_lines": 0, "percent_statements_covered": 100.0, "percent_statements_covered_display": "100.00"}, "missing_lines": [], "excluded_lines": [], "start_line": 562}, "": {"executed_lines": [32, 33, 34, 35, 36, 37, 38, 39, 41, 42, 43, 44, 47, 48, 51, 52, 63, 64, 65, 66, 67, 70, 90, 107, 108, 112, 113, 117, 118, 122, 123, 127, 128, 132, 133, 137, 138, 142, 143, 147, 148, 152, 153, 157, 158, 163, 177, 178, 179, 180, 182, 216, 241, 425, 478], "summary": {"covered_lines": 55, "num_statements": 55, "percent_covered": 100.0, "percent_covered_display": "100.00", "missing_lines": 0, "excluded_lines": 0, "percent_statements_covered": 100.0, "percent_statements_covered_display": "100.00"}, "missing_lines": [], "excluded_lines": [], "start_line": 1}}, "classes": {"ProcessingResult": {"executed_lines": [], "summary": {"covered_lines": 0, "num_statements": 0, "percent_covered": 100.0, "percent_covered_display": "100.00", "missing_lines": 0, "excluded_lines": 0, "percent_statements_covered": 100.0, "percent_statements_covered_display": "100.00"}, "missing_lines": [], "excluded_lines": [], "start_line": 52}, "BatchResult": {"executed_lines": [103, 104, 105, 110, 115, 120, 125, 130, 135, 140, 145, 150, 155], "summary": {"covered_lines": 13, "num_statements": 14, "percent_covered": 92.85714285714286, "percent_covered_display": "92.86", "missing_lines": 1, "excluded_lines": 0, "percent_statements_covered": 92.85714285714286, "percent_statements_covered_display": "92.86"}, "missing_lines": [160], "excluded_lines": [], "start_line": 70}, "DocumentProcessor": {"executed_lines": [211, 212, 213, 214, 239, 297, 299, 301, 302, 311, 314, 397, 405, 415, 417, 470, 472, 473, 474, 476, 517, 518, 521, 522, 525, 528, 529, 530, 533, 535, 536, 537, 540, 546, 547, 548, 551, 553, 555, 556, 559, 560, 562, 563, 564, 566, 572, 573, 576, 577, 578, 581, 582, 585], "summary": {"covered_lines": 54, "num_statements": 86, "percent_covered": 62.7906976744186, "percent_covered_display": "62.79", "missing_lines": 32, "excluded_lines": 0, "percent_statements_covered": 62.7906976744186, "percent_statements_covered_display": "62.79"}, "missing_lines": [317, 319, 320, 323, 324, 327, 329, 332, 335, 338, 343, 344, 345, 346, 347, 350, 351, 353, 356, 369, 370, 372, 373, 377, 378, 381, 382, 387, 389, 398, 407, 408], "excluded_lines": [], "start_line": 163}, "": {"executed_lines": [32, 33, 34, 35, 36, 37, 38, 39, 41, 42, 43, 44, 47, 48, 51, 52, 63, 64, 65, 66, 67, 70, 90, 107, 108, 112, 113, 117, 118, 122, 123, 127, 128, 132, 133, 137, 138, 142, 143, 147, 148, 152, 153, 157, 158, 163, 177, 178, 179, 180, 182, 216, 241, 425, 478], "summary": {"covered_lines": 55, "num_statements": 55, "percent_covered": 100.0, "percent_covered_display": "100.00", "missing_lines": 0, "excluded_lines": 0, "percent_statements_covered": 100.0, "percent_statements_covered_display": "100.00"}, "missing_lines": [], "excluded_lines": [], "start_line": 1}}}, "crawl4r/readers/__init__.py": {"executed_lines": [], "summary": {"covered_lines": 0, "num_statements": 0, "percent_covered": 100.0, "percent_covered_display": "100.00", "missing_lines": 0, "excluded_lines": 0, "percent_statements_covered": 100.0, "percent_statements_covered_display": "100.00"}, "missing_lines": [], "excluded_lines": [], "functions": {"": {"executed_lines": [], "summary": {"covered_lines": 0, "num_statements": 0, "percent_covered": 100.0, "percent_covered_display": "100.00", "missing_lines": 0, "excluded_lines": 0, "percent_statements_covered": 100.0, "percent_statements_covered_display": "100.00"}, "missing_lines": [], "excluded_lines": [], "start_line": 1}}, "classes": {"": {"executed_lines": [], "summary": {"covered_lines": 0, "num_statements": 0, "percent_covered": 100.0, "percent_covered_display": "100.00", "missing_lines": 0, "excluded_lines": 0, "percent_statements_covered": 100.0, "percent_statements_covered_display": "100.00"}, "missing_lines": [], "excluded_lines": [], "start_line": 1}}}, "crawl4r/readers/crawl4ai.py": {"executed_lines": [45, 46, 47, 48, 49, 51, 52, 53, 54, 55, 57, 58, 59, 62, 95, 97, 101, 107, 111, 117, 123, 127, 133, 139, 143, 151, 185, 189, 195, 199, 205, 211, 215, 219, 225, 229, 234, 237, 239, 240, 245, 246, 248, 263, 264, 273, 274, 275, 277, 280, 286, 290, 291, 295, 301, 302, 303, 304, 308, 323, 324, 325, 326, 330, 378, 380, 382, 392, 393, 394, 396, 410, 411, 414, 418, 430, 432, 475, 478, 479, 484, 505, 507, 508, 510, 522, 525, 526, 527, 533, 534, 536, 538, 541, 542, 543, 546, 547, 549, 556, 557, 562, 565, 568, 570, 576, 577, 580, 590, 591, 594, 598, 600, 602, 604, 607, 617, 618, 621, 625, 631, 632, 635, 645, 646, 648, 649, 654, 655, 657, 660, 662, 726, 727, 730, 735, 744, 745, 746, 749, 752, 754, 756, 757, 760, 766, 771, 772, 775, 784, 786, 835], "summary": {"covered_lines": 152, "num_statements": 165, "percent_covered": 92.12121212121212, "percent_covered_display": "92.12", "missing_lines": 13, "excluded_lines": 0, "percent_statements_covered": 92.12121212121212, "percent_statements_covered_display": "92.12"}, "missing_lines": [242, 305, 306, 327, 328, 476, 528, 531, 535, 554, 628, 636, 731], "excluded_lines": [], "functions": {"Crawl4AIReader.class_name": {"executed_lines": [], "summary": {"covered_lines": 0, "num_statements": 1, "percent_covered": 0.0, "percent_covered_display": "0.00", "missing_lines": 1, "excluded_lines": 0, "percent_statements_covered": 0.0, "percent_statements_covered_display": "0.00"}, "missing_lines": [242], "excluded_lines": [], "start_line": 240}, "Crawl4AIReader.__init__": {"executed_lines": [263, 264, 273, 274, 275, 277, 280, 286, 290, 291], "summary": {"covered_lines": 10, "num_statements": 10, "percent_covered": 100.0, "percent_covered_display": "100.00", "missing_lines": 0, "excluded_lines": 0, "percent_statements_covered": 100.0, "percent_statements_covered_display": "100.00"}, "missing_lines": [], "excluded_lines": [], "start_line": 248}, "Crawl4AIReader._validate_health_sync": {"executed_lines": [301, 302, 303, 304], "summary": {"covered_lines": 4, "num_statements": 6, "percent_covered": 66.66666666666667, "percent_covered_display": "66.67", "missing_lines": 2, "excluded_lines": 0, "percent_statements_covered": 66.66666666666667, "percent_statements_covered_display": "66.67"}, "missing_lines": [305, 306], "excluded_lines": [], "start_line": 295}, "Crawl4AIReader._validate_health": {"executed_lines": [323, 324, 325, 326], "summary": {"covered_lines": 4, "num_statements": 6, "percent_covered": 66.66666666666667, "percent_covered_display": "66.67", "missing_lines": 2, "excluded_lines": 0, "percent_statements_covered": 66.66666666666667, "percent_statements_covered_display": "66.67"}, "missing_lines": [327, 328], "excluded_lines": [], "start_line": 308}, "Crawl4AIReader._generate_document_id": {"executed_lines": [378, 380], "summary": {"covered_lines": 2, "num_statements": 2, "percent_covered": 100.0, "percent_covered_display": "100.00", "missing_lines": 0, "excluded_lines": 0, "percent_statements_covered": 100.0, "percent_statements_covered_display": "100.00"}, "missing_lines": [], "excluded_lines": [], "start_line": 330}, "Crawl4AIReader._count_links": {"executed_lines": [392, 393, 394], "summary": {"covered_lines": 3, "num_statements": 3, "percent_covered": 100.0, "percent_covered_display": "100.00", "missing_lines": 0, "excluded_lines": 0, "percent_statements_covered": 100.0, "percent_statements_covered_display": "100.00"}, "missing_lines": [], "excluded_lines": [], "start_line": 382}, "Crawl4AIReader._build_metadata": {"executed_lines": [410, 411, 414, 418, 430], "summary": {"covered_lines": 5, "num_statements": 5, "percent_covered": 100.0, "percent_covered_display": "100.00", "missing_lines": 0, "excluded_lines": 0, "percent_statements_covered": 100.0, "percent_statements_covered_display": "100.00"}, "missing_lines": [], "excluded_lines": [], "start_line": 396}, "Crawl4AIReader._deduplicate_url": {"executed_lines": [475, 478, 479], "summary": {"covered_lines": 3, "num_statements": 4, "percent_covered": 75.0, "percent_covered_display": "75.00", "missing_lines": 1, "excluded_lines": 0, "percent_statements_covered": 75.0, "percent_statements_covered_display": "75.00"}, "missing_lines": [476], "excluded_lines": [], "start_line": 432}, "Crawl4AIReader._crawl_single_url": {"executed_lines": [505, 631, 632, 635, 645, 646, 648, 649, 654, 655, 657, 660], "summary": {"covered_lines": 12, "num_statements": 13, "percent_covered": 92.3076923076923, "percent_covered_display": "92.31", "missing_lines": 1, "excluded_lines": 0, "percent_statements_covered": 92.3076923076923, "percent_statements_covered_display": "92.31"}, "missing_lines": [636], "excluded_lines": [], "start_line": 484}, "Crawl4AIReader._crawl_single_url._crawl_impl": {"executed_lines": [507, 508, 510, 522, 525, 526, 527, 533, 534, 536, 538, 541, 542, 543, 546, 547, 549, 556, 557, 562, 565, 568, 570, 576, 577, 580, 590, 591, 594, 598, 600, 602, 604, 607, 617, 618, 621, 625], "summary": {"covered_lines": 38, "num_statements": 43, "percent_covered": 88.37209302325581, "percent_covered_display": "88.37", "missing_lines": 5, "excluded_lines": 0, "percent_statements_covered": 88.37209302325581, "percent_statements_covered_display": "88.37"}, "missing_lines": [528, 531, 535, 554, 628], "excluded_lines": [], "start_line": 505}, "Crawl4AIReader.aload_data": {"executed_lines": [726, 727, 730, 735, 744, 745, 746, 749, 752, 754, 760, 766, 771, 772, 775, 784], "summary": {"covered_lines": 16, "num_statements": 17, "percent_covered": 94.11764705882354, "percent_covered_display": "94.12", "missing_lines": 1, "excluded_lines": 0, "percent_statements_covered": 94.11764705882354, "percent_statements_covered_display": "94.12"}, "missing_lines": [731], "excluded_lines": [], "start_line": 662}, "Crawl4AIReader.aload_data.crawl_with_semaphore": {"executed_lines": [756, 757], "summary": {"covered_lines": 2, "num_statements": 2, "percent_covered": 100.0, "percent_covered_display": "100.00", "missing_lines": 0, "excluded_lines": 0, "percent_statements_covered": 100.0, "percent_statements_covered_display": "100.00"}, "missing_lines": [], "excluded_lines": [], "start_line": 754}, "Crawl4AIReader.load_data": {"executed_lines": [835], "summary": {"covered_lines": 1, "num_statements": 1, "percent_covered": 100.0, "percent_covered_display": "100.00", "missing_lines": 0, "excluded_lines": 0, "percent_statements_covered": 100.0, "percent_statements_covered_display": "100.00"}, "missing_lines": [], "excluded_lines": [], "start_line": 786}, "": {"executed_lines": [45, 46, 47, 48, 49, 51, 52, 53, 54, 55, 57, 58, 59, 62, 95, 97, 101, 107, 111, 117, 123, 127, 133, 139, 143, 151, 185, 189, 195, 199, 205, 211, 215, 219, 225, 229, 234, 237, 239, 240, 245, 246, 248, 295, 308, 330, 382, 396, 432, 484, 662, 786], "summary": {"covered_lines": 52, "num_statements": 52, "percent_covered": 100.0, "percent_covered_display": "100.00", "missing_lines": 0, "excluded_lines": 0, "percent_statements_covered": 100.0, "percent_statements_covered_display": "100.00"}, "missing_lines": [], "excluded_lines": [], "start_line": 1}}, "classes": {"Crawl4AIReaderConfig": {"executed_lines": [], "summary": {"covered_lines": 0, "num_statements": 0, "percent_covered": 100.0, "percent_covered_display": "100.00", "missing_lines": 0, "excluded_lines": 0, "percent_statements_covered": 100.0, "percent_statements_covered_display": "100.00"}, "missing_lines": [], "excluded_lines": [], "start_line": 62}, "Crawl4AIReader": {"executed_lines": [263, 264, 273, 274, 275, 277, 280, 286, 290, 291, 301, 302, 303, 304, 323, 324, 325, 326, 378, 380, 392, 393, 394, 410, 411, 414, 418, 430, 475, 478, 479, 505, 507, 508, 510, 522, 525, 526, 527, 533, 534, 536, 538, 541, 542, 543, 546, 547, 549, 556, 557, 562, 565, 568, 570, 576, 577, 580, 590, 591, 594, 598, 600, 602, 604, 607, 617, 618, 621, 625, 631, 632, 635, 645, 646, 648, 649, 654, 655, 657, 660, 726, 727, 730, 735, 744, 745, 746, 749, 752, 754, 756, 757, 760, 766, 771, 772, 775, 784, 835], "summary": {"covered_lines": 100, "num_statements": 113, "percent_covered": 88.49557522123894, "percent_covered_display": "88.50", "missing_lines": 13, "excluded_lines": 0, "percent_statements_covered": 88.49557522123894, "percent_statements_covered_display": "88.50"}, "missing_lines": [242, 305, 306, 327, 328, 476, 528, 531, 535, 554, 628, 636, 731], "excluded_lines": [], "start_line": 151}, "": {"executed_lines": [45, 46, 47, 48, 49, 51, 52, 53, 54, 55, 57, 58, 59, 62, 95, 97, 101, 107, 111, 117, 123, 127, 133, 139, 143, 151, 185, 189, 195, 199, 205, 211, 215, 219, 225, 229, 234, 237, 239, 240, 245, 246, 248, 295, 308, 330, 382, 396, 432, 484, 662, 786], "summary": {"covered_lines": 52, "num_statements": 52, "percent_covered": 100.0, "percent_covered_display": "100.00", "missing_lines": 0, "excluded_lines": 0, "percent_statements_covered": 100.0, "percent_statements_covered_display": "100.00"}, "missing_lines": [], "excluded_lines": [], "start_line": 1}}}, "crawl4r/readers/file_watcher.py": {"executed_lines": [27, 28, 29, 31, 33, 34, 35, 38, 40, 54, 61, 64, 102, 103, 104, 105, 106, 107, 108, 109, 111, 137, 138, 139, 140, 141, 142, 143, 144, 148, 149, 151, 152, 153, 154, 155, 160, 162, 182, 183, 186, 187, 189, 215, 218, 219, 222, 224, 225, 227, 230, 232, 254, 255, 258, 259, 262, 263, 269, 291, 292, 295, 296, 299, 300, 306, 329, 330, 333, 336, 340, 341, 347, 372, 373, 374, 375, 376, 377, 378, 379, 380, 381, 382, 384, 411, 413, 416, 417, 418, 423, 424, 425, 426, 427, 428, 429, 430, 431, 432, 434, 457, 459, 463, 466, 469, 470, 471, 472, 474], "summary": {"covered_lines": 110, "num_statements": 145, "percent_covered": 75.86206896551724, "percent_covered_display": "75.86", "missing_lines": 35, "excluded_lines": 0, "percent_statements_covered": 75.86206896551724, "percent_statements_covered_display": "75.86"}, "missing_lines": [228, 264, 301, 334, 337, 342, 460, 501, 504, 507, 508, 509, 510, 511, 512, 513, 514, 517, 519, 520, 521, 524, 526, 527, 528, 534, 539, 540, 542, 543, 551, 554, 555, 558, 559], "excluded_lines": [], "functions": {"FileWatcher.__init__": {"executed_lines": [137, 138, 139, 140, 141, 142, 143, 144, 148, 149, 151, 152, 153, 154, 155, 160], "summary": {"covered_lines": 16, "num_statements": 16, "percent_covered": 100.0, "percent_covered_display": "100.00", "missing_lines": 0, "excluded_lines": 0, "percent_statements_covered": 100.0, "percent_statements_covered_display": "100.00"}, "missing_lines": [], "excluded_lines": [], "start_line": 111}, "FileWatcher._is_markdown_file": {"executed_lines": [182, 183, 186, 187], "summary": {"covered_lines": 4, "num_statements": 4, "percent_covered": 100.0, "percent_covered_display": "100.00", "missing_lines": 0, "excluded_lines": 0, "percent_statements_covered": 100.0, "percent_statements_covered_display": "100.00"}, "missing_lines": [], "excluded_lines": [], "start_line": 162}, "FileWatcher._should_exclude": {"executed_lines": [215, 218, 219, 222, 224, 225, 227, 230], "summary": {"covered_lines": 8, "num_statements": 9, "percent_covered": 88.88888888888889, "percent_covered_display": "88.89", "missing_lines": 1, "excluded_lines": 0, "percent_statements_covered": 88.88888888888889, "percent_statements_covered_display": "88.89"}, "missing_lines": [228], "excluded_lines": [], "start_line": 189}, "FileWatcher.on_created": {"executed_lines": [254, 255, 258, 259, 262, 263], "summary": {"covered_lines": 6, "num_statements": 7, "percent_covered": 85.71428571428571, "percent_covered_display": "85.71", "missing_lines": 1, "excluded_lines": 0, "percent_statements_covered": 85.71428571428571, "percent_statements_covered_display": "85.71"}, "missing_lines": [264], "excluded_lines": [], "start_line": 232}, "FileWatcher.on_modified": {"executed_lines": [291, 292, 295, 296, 299, 300], "summary": {"covered_lines": 6, "num_statements": 7, "percent_covered": 85.71428571428571, "percent_covered_display": "85.71", "missing_lines": 1, "excluded_lines": 0, "percent_statements_covered": 85.71428571428571, "percent_statements_covered_display": "85.71"}, "missing_lines": [301], "excluded_lines": [], "start_line": 269}, "FileWatcher.on_deleted": {"executed_lines": [329, 330, 333, 336, 340, 341], "summary": {"covered_lines": 6, "num_statements": 9, "percent_covered": 66.66666666666667, "percent_covered_display": "66.67", "missing_lines": 3, "excluded_lines": 0, "percent_statements_covered": 66.66666666666667, "percent_statements_covered_display": "66.67"}, "missing_lines": [334, 337, 342], "excluded_lines": [], "start_line": 306}, "FileWatcher._handle_create": {"executed_lines": [372, 373, 374, 375, 376, 377, 378, 379, 380, 381, 382], "summary": {"covered_lines": 11, "num_statements": 11, "percent_covered": 100.0, "percent_covered_display": "100.00", "missing_lines": 0, "excluded_lines": 0, "percent_statements_covered": 100.0, "percent_statements_covered_display": "100.00"}, "missing_lines": [], "excluded_lines": [], "start_line": 347}, "FileWatcher._handle_modify": {"executed_lines": [411, 413, 416, 417, 418, 423, 424, 425, 426, 427, 428, 429, 430, 431, 432], "summary": {"covered_lines": 15, "num_statements": 15, "percent_covered": 100.0, "percent_covered_display": "100.00", "missing_lines": 0, "excluded_lines": 0, "percent_statements_covered": 100.0, "percent_statements_covered_display": "100.00"}, "missing_lines": [], "excluded_lines": [], "start_line": 384}, "FileWatcher._handle_delete": {"executed_lines": [457, 459, 463, 466, 469, 470, 471, 472], "summary": {"covered_lines": 8, "num_statements": 9, "percent_covered": 88.88888888888889, "percent_covered_display": "88.89", "missing_lines": 1, "excluded_lines": 0, "percent_statements_covered": 88.88888888888889, "percent_statements_covered_display": "88.89"}, "missing_lines": [460], "excluded_lines": [], "start_line": 434}, "FileWatcher._debounce_process_async": {"executed_lines": [], "summary": {"covered_lines": 0, "num_statements": 13, "percent_covered": 0.0, "percent_covered_display": "0.00", "missing_lines": 13, "excluded_lines": 0, "percent_statements_covered": 0.0, "percent_statements_covered_display": "0.00"}, "missing_lines": [501, 504, 507, 508, 509, 510, 511, 512, 513, 514, 517, 558, 559], "excluded_lines": [], "start_line": 474}, "FileWatcher._debounce_process_async.process_after_delay": {"executed_lines": [], "summary": {"covered_lines": 0, "num_statements": 15, "percent_covered": 0.0, "percent_covered_display": "0.00", "missing_lines": 15, "excluded_lines": 0, "percent_statements_covered": 0.0, "percent_statements_covered_display": "0.00"}, "missing_lines": [519, 520, 521, 524, 526, 527, 528, 534, 539, 540, 542, 543, 551, 554, 555], "excluded_lines": [], "start_line": 517}, "": {"executed_lines": [27, 28, 29, 31, 33, 34, 35, 38, 40, 54, 61, 64, 102, 103, 104, 105, 106, 107, 108, 109, 111, 162, 189, 232, 269, 306, 347, 384, 434, 474], "summary": {"covered_lines": 30, "num_statements": 30, "percent_covered": 100.0, "percent_covered_display": "100.00", "missing_lines": 0, "excluded_lines": 0, "percent_statements_covered": 100.0, "percent_statements_covered_display": "100.00"}, "missing_lines": [], "excluded_lines": [], "start_line": 1}}, "classes": {"MarkdownFileHandler": {"executed_lines": [], "summary": {"covered_lines": 0, "num_statements": 0, "percent_covered": 100.0, "percent_covered_display": "100.00", "missing_lines": 0, "excluded_lines": 0, "percent_statements_covered": 100.0, "percent_statements_covered_display": "100.00"}, "missing_lines": [], "excluded_lines": [], "start_line": 54}, "FileWatcher": {"executed_lines": [137, 138, 139, 140, 141, 142, 143, 144, 148, 149, 151, 152, 153, 154, 155, 160, 182, 183, 186, 187, 215, 218, 219, 222, 224, 225, 227, 230, 254, 255, 258, 259, 262, 263, 291, 292, 295, 296, 299, 300, 329, 330, 333, 336, 340, 341, 372, 373, 374, 375, 376, 377, 378, 379, 380, 381, 382, 411, 413, 416, 417, 418, 423, 424, 425, 426, 427, 428, 429, 430, 431, 432, 457, 459, 463, 466, 469, 470, 471, 472], "summary": {"covered_lines": 80, "num_statements": 115, "percent_covered": 69.56521739130434, "percent_covered_display": "69.57", "missing_lines": 35, "excluded_lines": 0, "percent_statements_covered": 69.56521739130434, "percent_statements_covered_display": "69.57"}, "missing_lines": [228, 264, 301, 334, 337, 342, 460, 501, 504, 507, 508, 509, 510, 511, 512, 513, 514, 517, 519, 520, 521, 524, 526, 527, 528, 534, 539, 540, 542, 543, 551, 554, 555, 558, 559], "excluded_lines": [], "start_line": 64}, "": {"executed_lines": [27, 28, 29, 31, 33, 34, 35, 38, 40, 54, 61, 64, 102, 103, 104, 105, 106, 107, 108, 109, 111, 162, 189, 232, 269, 306, 347, 384, 434, 474], "summary": {"covered_lines": 30, "num_statements": 30, "percent_covered": 100.0, "percent_covered_display": "100.00", "missing_lines": 0, "excluded_lines": 0, "percent_statements_covered": 100.0, "percent_statements_covered_display": "100.00"}, "missing_lines": [], "excluded_lines": [], "start_line": 1}}}, "crawl4r/resilience/__init__.py": {"executed_lines": [], "summary": {"covered_lines": 0, "num_statements": 0, "percent_covered": 100.0, "percent_covered_display": "100.00", "missing_lines": 0, "excluded_lines": 0, "percent_statements_covered": 100.0, "percent_statements_covered_display": "100.00"}, "missing_lines": [], "excluded_lines": [], "functions": {"": {"executed_lines": [], "summary": {"covered_lines": 0, "num_statements": 0, "percent_covered": 100.0, "percent_covered_display": "100.00", "missing_lines": 0, "excluded_lines": 0, "percent_statements_covered": 100.0, "percent_statements_covered_display": "100.00"}, "missing_lines": [], "excluded_lines": [], "start_line": 1}}, "classes": {"": {"executed_lines": [], "summary": {"covered_lines": 0, "num_statements": 0, "percent_covered": 100.0, "percent_covered_display": "100.00", "missing_lines": 0, "excluded_lines": 0, "percent_statements_covered": 100.0, "percent_statements_covered_display": "100.00"}, "missing_lines": [], "excluded_lines": [], "start_line": 1}}}, "crawl4r/resilience/circuit_breaker.py": {"executed_lines": [27, 28, 29, 30, 31, 33, 36, 39, 40, 41, 44, 47, 50, 74, 91, 92, 93, 94, 96, 97, 98, 99, 100, 101, 103, 104, 113, 114, 118, 119, 121, 141, 142, 144, 146, 151, 152, 153, 156, 158, 174, 175, 176, 178, 198, 200, 202, 203, 204, 205, 207, 208, 210, 235, 236, 237, 241, 242, 243, 244, 245, 246, 247, 248, 249], "summary": {"covered_lines": 65, "num_statements": 65, "percent_covered": 100.0, "percent_covered_display": "100.00", "missing_lines": 0, "excluded_lines": 1, "percent_statements_covered": 100.0, "percent_statements_covered_display": "100.00"}, "missing_lines": [], "excluded_lines": [1], "functions": {"CircuitBreaker.__init__": {"executed_lines": [91, 92, 93, 94, 96, 97, 98, 99, 100, 101], "summary": {"covered_lines": 10, "num_statements": 10, "percent_covered": 100.0, "percent_covered_display": "100.00", "missing_lines": 0, "excluded_lines": 0, "percent_statements_covered": 100.0, "percent_statements_covered_display": "100.00"}, "missing_lines": [], "excluded_lines": [], "start_line": 74}, "CircuitBreaker.state": {"executed_lines": [113, 114, 118, 119], "summary": {"covered_lines": 4, "num_statements": 4, "percent_covered": 100.0, "percent_covered_display": "100.00", "missing_lines": 0, "excluded_lines": 0, "percent_statements_covered": 100.0, "percent_statements_covered_display": "100.00"}, "missing_lines": [], "excluded_lines": [], "start_line": 104}, "CircuitBreaker.can_execute": {"executed_lines": [141, 142, 144, 146, 151, 152, 153, 156], "summary": {"covered_lines": 8, "num_statements": 8, "percent_covered": 100.0, "percent_covered_display": "100.00", "missing_lines": 0, "excluded_lines": 0, "percent_statements_covered": 100.0, "percent_statements_covered_display": "100.00"}, "missing_lines": [], "excluded_lines": [], "start_line": 121}, "CircuitBreaker.record_success": {"executed_lines": [174, 175, 176], "summary": {"covered_lines": 3, "num_statements": 3, "percent_covered": 100.0, "percent_covered_display": "100.00", "missing_lines": 0, "excluded_lines": 0, "percent_statements_covered": 100.0, "percent_statements_covered_display": "100.00"}, "missing_lines": [], "excluded_lines": [], "start_line": 158}, "CircuitBreaker.record_failure": {"executed_lines": [198, 200, 202, 203, 204, 205, 207, 208], "summary": {"covered_lines": 8, "num_statements": 8, "percent_covered": 100.0, "percent_covered_display": "100.00", "missing_lines": 0, "excluded_lines": 0, "percent_statements_covered": 100.0, "percent_statements_covered_display": "100.00"}, "missing_lines": [], "excluded_lines": [], "start_line": 178}, "CircuitBreaker.call": {"executed_lines": [235, 236, 237, 241, 242, 243, 244, 245, 246, 247, 248, 249], "summary": {"covered_lines": 12, "num_statements": 12, "percent_covered": 100.0, "percent_covered_display": "100.00", "missing_lines": 0, "excluded_lines": 0, "percent_statements_covered": 100.0, "percent_statements_covered_display": "100.00"}, "missing_lines": [], "excluded_lines": [], "start_line": 210}, "": {"executed_lines": [27, 28, 29, 30, 31, 33, 36, 39, 40, 41, 44, 47, 50, 74, 103, 104, 121, 158, 178, 210], "summary": {"covered_lines": 20, "num_statements": 20, "percent_covered": 100.0, "percent_covered_display": "100.00", "missing_lines": 0, "excluded_lines": 1, "percent_statements_covered": 100.0, "percent_statements_covered_display": "100.00"}, "missing_lines": [], "excluded_lines": [1], "start_line": 1}}, "classes": {"CircuitState": {"executed_lines": [], "summary": {"covered_lines": 0, "num_statements": 0, "percent_covered": 100.0, "percent_covered_display": "100.00", "missing_lines": 0, "excluded_lines": 0, "percent_statements_covered": 100.0, "percent_statements_covered_display": "100.00"}, "missing_lines": [], "excluded_lines": [], "start_line": 36}, "CircuitBreakerError": {"executed_lines": [], "summary": {"covered_lines": 0, "num_statements": 0, "percent_covered": 100.0, "percent_covered_display": "100.00", "missing_lines": 0, "excluded_lines": 0, "percent_statements_covered": 100.0, "percent_statements_covered_display": "100.00"}, "missing_lines": [], "excluded_lines": [], "start_line": 44}, "CircuitBreaker": {"executed_lines": [91, 92, 93, 94, 96, 97, 98, 99, 100, 101, 113, 114, 118, 119, 141, 142, 144, 146, 151, 152, 153, 156, 174, 175, 176, 198, 200, 202, 203, 204, 205, 207, 208, 235, 236, 237, 241, 242, 243, 244, 245, 246, 247, 248, 249], "summary": {"covered_lines": 45, "num_statements": 45, "percent_covered": 100.0, "percent_covered_display": "100.00", "missing_lines": 0, "excluded_lines": 0, "percent_statements_covered": 100.0, "percent_statements_covered_display": "100.00"}, "missing_lines": [], "excluded_lines": [], "start_line": 50}, "": {"executed_lines": [27, 28, 29, 30, 31, 33, 36, 39, 40, 41, 44, 47, 50, 74, 103, 104, 121, 158, 178, 210], "summary": {"covered_lines": 20, "num_statements": 20, "percent_covered": 100.0, "percent_covered_display": "100.00", "missing_lines": 0, "excluded_lines": 1, "percent_statements_covered": 100.0, "percent_statements_covered_display": "100.00"}, "missing_lines": [], "excluded_lines": [1], "start_line": 1}}}, "crawl4r/resilience/failed_docs.py": {"executed_lines": [24, 25, 26, 27, 28, 31, 46, 47, 48, 49, 50, 51, 52, 53, 56, 77, 83, 85, 122, 123, 129, 141, 142, 143], "summary": {"covered_lines": 24, "num_statements": 26, "percent_covered": 92.3076923076923, "percent_covered_display": "92.31", "missing_lines": 2, "excluded_lines": 0, "percent_statements_covered": 92.3076923076923, "percent_statements_covered_display": "92.31"}, "missing_lines": [124, 126], "excluded_lines": [], "functions": {"FailedDocLogger.__init__": {"executed_lines": [83], "summary": {"covered_lines": 1, "num_statements": 1, "percent_covered": 100.0, "percent_covered_display": "100.00", "missing_lines": 0, "excluded_lines": 0, "percent_statements_covered": 100.0, "percent_statements_covered_display": "100.00"}, "missing_lines": [], "excluded_lines": [], "start_line": 77}, "FailedDocLogger.log_failure": {"executed_lines": [122, 123, 129, 141, 142, 143], "summary": {"covered_lines": 6, "num_statements": 8, "percent_covered": 75.0, "percent_covered_display": "75.00", "missing_lines": 2, "excluded_lines": 0, "percent_statements_covered": 75.0, "percent_statements_covered_display": "75.00"}, "missing_lines": [124, 126], "excluded_lines": [], "start_line": 85}, "": {"executed_lines": [24, 25, 26, 27, 28, 31, 46, 47, 48, 49, 50, 51, 52, 53, 56, 77, 85], "summary": {"covered_lines": 17, "num_statements": 17, "percent_covered": 100.0, "percent_covered_display": "100.00", "missing_lines": 0, "excluded_lines": 0, "percent_statements_covered": 100.0, "percent_statements_covered_display": "100.00"}, "missing_lines": [], "excluded_lines": [], "start_line": 1}}, "classes": {"FailedDocEntry": {"executed_lines": [], "summary": {"covered_lines": 0, "num_statements": 0, "percent_covered": 100.0, "percent_covered_display": "100.00", "missing_lines": 0, "excluded_lines": 0, "percent_statements_covered": 100.0, "percent_statements_covered_display": "100.00"}, "missing_lines": [], "excluded_lines": [], "start_line": 31}, "FailedDocLogger": {"executed_lines": [83, 122, 123, 129, 141, 142, 143], "summary": {"covered_lines": 7, "num_statements": 9, "percent_covered": 77.77777777777777, "percent_covered_display": "77.78", "missing_lines": 2, "excluded_lines": 0, "percent_statements_covered": 77.77777777777777, "percent_statements_covered_display": "77.78"}, "missing_lines": [124, 126], "excluded_lines": [], "start_line": 56}, "": {"executed_lines": [24, 25, 26, 27, 28, 31, 46, 47, 48, 49, 50, 51, 52, 53, 56, 77, 85], "summary": {"covered_lines": 17, "num_statements": 17, "percent_covered": 100.0, "percent_covered_display": "100.00", "missing_lines": 0, "excluded_lines": 0, "percent_statements_covered": 100.0, "percent_statements_covered_display": "100.00"}, "missing_lines": [], "excluded_lines": [], "start_line": 1}}}, "crawl4r/resilience/recovery.py": {"executed_lines": [31, 33, 34, 35, 38, 41, 50, 66, 71, 73, 87, 89, 100, 101, 103, 104, 105, 106, 108, 109, 111, 112, 115, 116, 118, 120, 132, 133, 135, 136, 138, 139, 141, 144, 146, 148, 170, 171, 172, 174, 196, 197, 198, 200, 235, 238, 243, 244, 246], "summary": {"covered_lines": 49, "num_statements": 49, "percent_covered": 100.0, "percent_covered_display": "100.00", "missing_lines": 0, "excluded_lines": 3, "percent_statements_covered": 100.0, "percent_statements_covered_display": "100.00"}, "missing_lines": [], "excluded_lines": [47, 48, 49], "functions": {"VectorStoreProtocol.scroll": {"executed_lines": [], "summary": {"covered_lines": 0, "num_statements": 0, "percent_covered": 100.0, "percent_covered_display": "100.00", "missing_lines": 0, "excluded_lines": 1, "percent_statements_covered": 100.0, "percent_statements_covered_display": "100.00"}, "missing_lines": [], "excluded_lines": [47], "start_line": 41}, "StateRecovery.__init__": {"executed_lines": [71], "summary": {"covered_lines": 1, "num_statements": 1, "percent_covered": 100.0, "percent_covered_display": "100.00", "missing_lines": 0, "excluded_lines": 0, "percent_statements_covered": 100.0, "percent_statements_covered_display": "100.00"}, "missing_lines": [], "excluded_lines": [], "start_line": 66}, "StateRecovery._query_qdrant_state": {"executed_lines": [87], "summary": {"covered_lines": 1, "num_statements": 1, "percent_covered": 100.0, "percent_covered_display": "100.00", "missing_lines": 0, "excluded_lines": 0, "percent_statements_covered": 100.0, "percent_statements_covered_display": "100.00"}, "missing_lines": [], "excluded_lines": [], "start_line": 73}, "StateRecovery._scan_filesystem": {"executed_lines": [100, 101, 103, 104, 105, 106, 108, 109, 111, 112, 115, 116, 118], "summary": {"covered_lines": 13, "num_statements": 13, "percent_covered": 100.0, "percent_covered_display": "100.00", "missing_lines": 0, "excluded_lines": 0, "percent_statements_covered": 100.0, "percent_statements_covered_display": "100.00"}, "missing_lines": [], "excluded_lines": [], "start_line": 89}, "StateRecovery._compare_states": {"executed_lines": [132, 133, 135, 136, 138, 139, 141, 144, 146], "summary": {"covered_lines": 9, "num_statements": 9, "percent_covered": 100.0, "percent_covered_display": "100.00", "missing_lines": 0, "excluded_lines": 0, "percent_statements_covered": 100.0, "percent_statements_covered_display": "100.00"}, "missing_lines": [], "excluded_lines": [], "start_line": 120}, "StateRecovery.query_existing_files": {"executed_lines": [170, 171, 172], "summary": {"covered_lines": 3, "num_statements": 3, "percent_covered": 100.0, "percent_covered_display": "100.00", "missing_lines": 0, "excluded_lines": 0, "percent_statements_covered": 100.0, "percent_statements_covered_display": "100.00"}, "missing_lines": [], "excluded_lines": [], "start_line": 148}, "StateRecovery.get_file_modification_dates": {"executed_lines": [196, 197, 198], "summary": {"covered_lines": 3, "num_statements": 3, "percent_covered": 100.0, "percent_covered_display": "100.00", "missing_lines": 0, "excluded_lines": 0, "percent_statements_covered": 100.0, "percent_statements_covered_display": "100.00"}, "missing_lines": [], "excluded_lines": [], "start_line": 174}, "StateRecovery.get_files_to_process": {"executed_lines": [235, 238, 243, 244, 246], "summary": {"covered_lines": 5, "num_statements": 5, "percent_covered": 100.0, "percent_covered_display": "100.00", "missing_lines": 0, "excluded_lines": 0, "percent_statements_covered": 100.0, "percent_statements_covered_display": "100.00"}, "missing_lines": [], "excluded_lines": [], "start_line": 200}, "": {"executed_lines": [31, 33, 34, 35, 38, 41, 50, 66, 73, 89, 120, 148, 174, 200], "summary": {"covered_lines": 14, "num_statements": 14, "percent_covered": 100.0, "percent_covered_display": "100.00", "missing_lines": 0, "excluded_lines": 2, "percent_statements_covered": 100.0, "percent_statements_covered_display": "100.00"}, "missing_lines": [], "excluded_lines": [48, 49], "start_line": 1}}, "classes": {"VectorStoreProtocol": {"executed_lines": [], "summary": {"covered_lines": 0, "num_statements": 0, "percent_covered": 100.0, "percent_covered_display": "100.00", "missing_lines": 0, "excluded_lines": 1, "percent_statements_covered": 100.0, "percent_statements_covered_display": "100.00"}, "missing_lines": [], "excluded_lines": [47], "start_line": 38}, "StateRecovery": {"executed_lines": [71, 87, 100, 101, 103, 104, 105, 106, 108, 109, 111, 112, 115, 116, 118, 132, 133, 135, 136, 138, 139, 141, 144, 146, 170, 171, 172, 196, 197, 198, 235, 238, 243, 244, 246], "summary": {"covered_lines": 35, "num_statements": 35, "percent_covered": 100.0, "percent_covered_display": "100.00", "missing_lines": 0, "excluded_lines": 0, "percent_statements_covered": 100.0, "percent_statements_covered_display": "100.00"}, "missing_lines": [], "excluded_lines": [], "start_line": 50}, "": {"executed_lines": [31, 33, 34, 35, 38, 41, 50, 66, 73, 89, 120, 148, 174, 200], "summary": {"covered_lines": 14, "num_statements": 14, "percent_covered": 100.0, "percent_covered_display": "100.00", "missing_lines": 0, "excluded_lines": 2, "percent_statements_covered": 100.0, "percent_statements_covered_display": "100.00"}, "missing_lines": [], "excluded_lines": [48, 49], "start_line": 1}}}, "crawl4r/storage/__init__.py": {"executed_lines": [], "summary": {"covered_lines": 0, "num_statements": 0, "percent_covered": 100.0, "percent_covered_display": "100.00", "missing_lines": 0, "excluded_lines": 0, "percent_statements_covered": 100.0, "percent_statements_covered_display": "100.00"}, "missing_lines": [], "excluded_lines": [], "functions": {"": {"executed_lines": [], "summary": {"covered_lines": 0, "num_statements": 0, "percent_covered": 100.0, "percent_covered_display": "100.00", "missing_lines": 0, "excluded_lines": 0, "percent_statements_covered": 100.0, "percent_statements_covered_display": "100.00"}, "missing_lines": [], "excluded_lines": [], "start_line": 1}}, "classes": {"": {"executed_lines": [], "summary": {"covered_lines": 0, "num_statements": 0, "percent_covered": 100.0, "percent_covered_display": "100.00", "missing_lines": 0, "excluded_lines": 0, "percent_statements_covered": 100.0, "percent_statements_covered_display": "100.00"}, "missing_lines": [], "excluded_lines": [], "start_line": 1}}}, "crawl4r/storage/embeddings.py": {"executed_lines": [35, 37, 39, 42, 84, 115, 116, 119, 120, 122, 123, 124, 125, 126, 129, 134, 156, 157, 160, 161, 163, 165, 191, 194, 195, 196, 197, 203, 206, 207, 208, 209, 212, 213, 217, 218, 220, 223, 224, 229, 231, 233, 235, 237, 238, 243, 267, 268, 270, 271, 274, 275, 277, 279, 306, 309, 310, 311, 312, 318, 321, 322, 327, 332, 335, 336, 339, 340, 343, 344, 349, 351, 353, 355, 357, 358], "summary": {"covered_lines": 76, "num_statements": 82, "percent_covered": 92.6829268292683, "percent_covered_display": "92.68", "missing_lines": 6, "excluded_lines": 0, "percent_statements_covered": 92.6829268292683, "percent_statements_covered_display": "92.68"}, "missing_lines": [241, 323, 324, 328, 341, 361], "excluded_lines": [], "functions": {"TEIClient.__init__": {"executed_lines": [115, 116, 119, 120, 122, 123, 124, 125, 126, 129], "summary": {"covered_lines": 10, "num_statements": 10, "percent_covered": 100.0, "percent_covered_display": "100.00", "missing_lines": 0, "excluded_lines": 0, "percent_statements_covered": 100.0, "percent_statements_covered_display": "100.00"}, "missing_lines": [], "excluded_lines": [], "start_line": 84}, "TEIClient.embed_single": {"executed_lines": [156, 157, 160, 163], "summary": {"covered_lines": 4, "num_statements": 4, "percent_covered": 100.0, "percent_covered_display": "100.00", "missing_lines": 0, "excluded_lines": 0, "percent_statements_covered": 100.0, "percent_statements_covered_display": "100.00"}, "missing_lines": [], "excluded_lines": [], "start_line": 134}, "TEIClient.embed_single._impl": {"executed_lines": [161], "summary": {"covered_lines": 1, "num_statements": 1, "percent_covered": 100.0, "percent_covered_display": "100.00", "missing_lines": 0, "excluded_lines": 0, "percent_statements_covered": 100.0, "percent_statements_covered_display": "100.00"}, "missing_lines": [], "excluded_lines": [], "start_line": 160}, "TEIClient._embed_single_impl": {"executed_lines": [191, 194, 195, 196, 197, 203, 206, 207, 208, 209, 212, 213, 217, 218, 220, 223, 224, 229, 231, 233, 235, 237, 238], "summary": {"covered_lines": 23, "num_statements": 24, "percent_covered": 95.83333333333333, "percent_covered_display": "95.83", "missing_lines": 1, "excluded_lines": 0, "percent_statements_covered": 95.83333333333333, "percent_statements_covered_display": "95.83"}, "missing_lines": [241], "excluded_lines": [], "start_line": 165}, "TEIClient.embed_batch": {"executed_lines": [267, 268, 270, 271, 274, 277], "summary": {"covered_lines": 6, "num_statements": 6, "percent_covered": 100.0, "percent_covered_display": "100.00", "missing_lines": 0, "excluded_lines": 0, "percent_statements_covered": 100.0, "percent_statements_covered_display": "100.00"}, "missing_lines": [], "excluded_lines": [], "start_line": 243}, "TEIClient.embed_batch._impl": {"executed_lines": [275], "summary": {"covered_lines": 1, "num_statements": 1, "percent_covered": 100.0, "percent_covered_display": "100.00", "missing_lines": 0, "excluded_lines": 0, "percent_statements_covered": 100.0, "percent_statements_covered_display": "100.00"}, "missing_lines": [], "excluded_lines": [], "start_line": 274}, "TEIClient._embed_batch_impl": {"executed_lines": [306, 309, 310, 311, 312, 318, 321, 322, 327, 332, 335, 336, 339, 340, 343, 344, 349, 351, 353, 355, 357, 358], "summary": {"covered_lines": 22, "num_statements": 27, "percent_covered": 81.48148148148148, "percent_covered_display": "81.48", "missing_lines": 5, "excluded_lines": 0, "percent_statements_covered": 81.48148148148148, "percent_statements_covered_display": "81.48"}, "missing_lines": [323, 324, 328, 341, 361], "excluded_lines": [], "start_line": 279}, "": {"executed_lines": [35, 37, 39, 42, 84, 134, 165, 243, 279], "summary": {"covered_lines": 9, "num_statements": 9, "percent_covered": 100.0, "percent_covered_display": "100.00", "missing_lines": 0, "excluded_lines": 0, "percent_statements_covered": 100.0, "percent_statements_covered_display": "100.00"}, "missing_lines": [], "excluded_lines": [], "start_line": 1}}, "classes": {"TEIClient": {"executed_lines": [115, 116, 119, 120, 122, 123, 124, 125, 126, 129, 156, 157, 160, 161, 163, 191, 194, 195, 196, 197, 203, 206, 207, 208, 209, 212, 213, 217, 218, 220, 223, 224, 229, 231, 233, 235, 237, 238, 267, 268, 270, 271, 274, 275, 277, 306, 309, 310, 311, 312, 318, 321, 322, 327, 332, 335, 336, 339, 340, 343, 344, 349, 351, 353, 355, 357, 358], "summary": {"covered_lines": 67, "num_statements": 73, "percent_covered": 91.78082191780823, "percent_covered_display": "91.78", "missing_lines": 6, "excluded_lines": 0, "percent_statements_covered": 91.78082191780823, "percent_statements_covered_display": "91.78"}, "missing_lines": [241, 323, 324, 328, 341, 361], "excluded_lines": [], "start_line": 42}, "": {"executed_lines": [35, 37, 39, 42, 84, 134, 165, 243, 279], "summary": {"covered_lines": 9, "num_statements": 9, "percent_covered": 100.0, "percent_covered_display": "100.00", "missing_lines": 0, "excluded_lines": 0, "percent_statements_covered": 100.0, "percent_statements_covered_display": "100.00"}, "missing_lines": [], "excluded_lines": [], "start_line": 1}}}, "crawl4r/storage/vector_store.py": {"executed_lines": [48, 49, 50, 51, 52, 54, 55, 56, 68, 69, 74, 84, 87, 88, 89, 92, 137, 138, 139, 140, 141, 142, 143, 146, 186, 187, 188, 189, 191, 236, 237, 238, 239, 241, 282, 283, 288, 293, 321, 322, 324, 326, 355, 356, 357, 358, 363, 399, 400, 401, 402, 404, 445, 446, 447, 448, 449, 450, 451, 453, 455, 492, 493, 496, 501, 506, 507, 509, 511, 552, 553, 556, 558, 559, 560, 561, 564, 565, 566, 567, 571, 576, 579, 580, 583, 584, 586, 588, 637, 640, 641, 644, 646, 650, 656, 659, 660, 661, 666, 668, 670, 700, 701, 702, 703, 706, 707, 712, 714, 747, 748, 751, 754, 764, 765, 766, 771, 772, 773, 774, 776, 779, 780, 783, 784, 789, 791, 793, 872, 912, 913, 919, 921, 922, 923, 928, 930, 933, 935, 937], "summary": {"covered_lines": 140, "num_statements": 171, "percent_covered": 81.87134502923976, "percent_covered_display": "81.87", "missing_lines": 31, "excluded_lines": 0, "percent_statements_covered": 81.87134502923976, "percent_statements_covered_display": "81.87"}, "missing_lines": [826, 827, 830, 833, 843, 844, 845, 850, 851, 852, 853, 855, 858, 859, 862, 863, 868, 870, 931, 959, 961, 962, 963, 965, 966, 974, 979, 980, 982, 985, 986], "excluded_lines": [], "functions": {"VectorStoreManager.__init__": {"executed_lines": [236, 237, 238, 239], "summary": {"covered_lines": 4, "num_statements": 4, "percent_covered": 100.0, "percent_covered_display": "100.00", "missing_lines": 0, "excluded_lines": 0, "percent_statements_covered": 100.0, "percent_statements_covered_display": "100.00"}, "missing_lines": [], "excluded_lines": [], "start_line": 191}, "VectorStoreManager.ensure_collection": {"executed_lines": [282, 283, 288], "summary": {"covered_lines": 3, "num_statements": 3, "percent_covered": 100.0, "percent_covered_display": "100.00", "missing_lines": 0, "excluded_lines": 0, "percent_statements_covered": 100.0, "percent_statements_covered_display": "100.00"}, "missing_lines": [], "excluded_lines": [], "start_line": 241}, "VectorStoreManager._generate_point_id": {"executed_lines": [321, 322, 324], "summary": {"covered_lines": 3, "num_statements": 3, "percent_covered": 100.0, "percent_covered_display": "100.00", "missing_lines": 0, "excluded_lines": 0, "percent_statements_covered": 100.0, "percent_statements_covered_display": "100.00"}, "missing_lines": [], "excluded_lines": [], "start_line": 293}, "VectorStoreManager._validate_vector": {"executed_lines": [355, 356, 357, 358], "summary": {"covered_lines": 4, "num_statements": 4, "percent_covered": 100.0, "percent_covered_display": "100.00", "missing_lines": 0, "excluded_lines": 0, "percent_statements_covered": 100.0, "percent_statements_covered_display": "100.00"}, "missing_lines": [], "excluded_lines": [], "start_line": 326}, "VectorStoreManager._validate_metadata": {"executed_lines": [399, 400, 401, 402], "summary": {"covered_lines": 4, "num_statements": 4, "percent_covered": 100.0, "percent_covered_display": "100.00", "missing_lines": 0, "excluded_lines": 0, "percent_statements_covered": 100.0, "percent_statements_covered_display": "100.00"}, "missing_lines": [], "excluded_lines": [], "start_line": 363}, "VectorStoreManager._retry_with_backoff": {"executed_lines": [445, 446, 447, 448, 449, 450, 451, 453], "summary": {"covered_lines": 8, "num_statements": 8, "percent_covered": 100.0, "percent_covered_display": "100.00", "missing_lines": 0, "excluded_lines": 0, "percent_statements_covered": 100.0, "percent_statements_covered_display": "100.00"}, "missing_lines": [], "excluded_lines": [], "start_line": 404}, "VectorStoreManager.upsert_vector": {"executed_lines": [492, 493, 496, 501, 506, 509], "summary": {"covered_lines": 6, "num_statements": 6, "percent_covered": 100.0, "percent_covered_display": "100.00", "missing_lines": 0, "excluded_lines": 0, "percent_statements_covered": 100.0, "percent_statements_covered_display": "100.00"}, "missing_lines": [], "excluded_lines": [], "start_line": 455}, "VectorStoreManager.upsert_vector.upsert_operation": {"executed_lines": [507], "summary": {"covered_lines": 1, "num_statements": 1, "percent_covered": 100.0, "percent_covered_display": "100.00", "missing_lines": 0, "excluded_lines": 0, "percent_statements_covered": 100.0, "percent_statements_covered_display": "100.00"}, "missing_lines": [], "excluded_lines": [], "start_line": 506}, "VectorStoreManager.upsert_vectors_batch": {"executed_lines": [552, 553, 556, 558, 559, 560, 561, 564, 565, 566, 567, 571, 576, 579, 580, 583, 586], "summary": {"covered_lines": 17, "num_statements": 17, "percent_covered": 100.0, "percent_covered_display": "100.00", "missing_lines": 0, "excluded_lines": 0, "percent_statements_covered": 100.0, "percent_statements_covered_display": "100.00"}, "missing_lines": [], "excluded_lines": [], "start_line": 511}, "VectorStoreManager.upsert_vectors_batch.upsert_batch_operation": {"executed_lines": [584], "summary": {"covered_lines": 1, "num_statements": 1, "percent_covered": 100.0, "percent_covered_display": "100.00", "missing_lines": 0, "excluded_lines": 0, "percent_statements_covered": 100.0, "percent_statements_covered_display": "100.00"}, "missing_lines": [], "excluded_lines": [], "start_line": 583}, "VectorStoreManager.search_similar": {"executed_lines": [637, 640, 641, 644, 646, 656, 659, 660, 661, 666, 668], "summary": {"covered_lines": 11, "num_statements": 11, "percent_covered": 100.0, "percent_covered_display": "100.00", "missing_lines": 0, "excluded_lines": 0, "percent_statements_covered": 100.0, "percent_statements_covered_display": "100.00"}, "missing_lines": [], "excluded_lines": [], "start_line": 588}, "VectorStoreManager.search_similar.search_operation": {"executed_lines": [650], "summary": {"covered_lines": 1, "num_statements": 1, "percent_covered": 100.0, "percent_covered_display": "100.00", "missing_lines": 0, "excluded_lines": 0, "percent_statements_covered": 100.0, "percent_statements_covered_display": "100.00"}, "missing_lines": [], "excluded_lines": [], "start_line": 646}, "VectorStoreManager.delete_by_id": {"executed_lines": [700, 701, 702, 703, 706, 712], "summary": {"covered_lines": 6, "num_statements": 6, "percent_covered": 100.0, "percent_covered_display": "100.00", "missing_lines": 0, "excluded_lines": 0, "percent_statements_covered": 100.0, "percent_statements_covered_display": "100.00"}, "missing_lines": [], "excluded_lines": [], "start_line": 670}, "VectorStoreManager.delete_by_id.delete_operation": {"executed_lines": [707], "summary": {"covered_lines": 1, "num_statements": 1, "percent_covered": 100.0, "percent_covered_display": "100.00", "missing_lines": 0, "excluded_lines": 0, "percent_statements_covered": 100.0, "percent_statements_covered_display": "100.00"}, "missing_lines": [], "excluded_lines": [], "start_line": 706}, "VectorStoreManager.delete_by_file": {"executed_lines": [747, 748, 751, 776, 779, 780, 783, 789, 791], "summary": {"covered_lines": 9, "num_statements": 9, "percent_covered": 100.0, "percent_covered_display": "100.00", "missing_lines": 0, "excluded_lines": 0, "percent_statements_covered": 100.0, "percent_statements_covered_display": "100.00"}, "missing_lines": [], "excluded_lines": [], "start_line": 714}, "VectorStoreManager.delete_by_file.scroll_operation": {"executed_lines": [754, 764, 765, 766, 771, 772, 773, 774], "summary": {"covered_lines": 8, "num_statements": 8, "percent_covered": 100.0, "percent_covered_display": "100.00", "missing_lines": 0, "excluded_lines": 0, "percent_statements_covered": 100.0, "percent_statements_covered_display": "100.00"}, "missing_lines": [], "excluded_lines": [], "start_line": 751}, "VectorStoreManager.delete_by_file.delete_operation": {"executed_lines": [784], "summary": {"covered_lines": 1, "num_statements": 1, "percent_covered": 100.0, "percent_covered_display": "100.00", "missing_lines": 0, "excluded_lines": 0, "percent_statements_covered": 100.0, "percent_statements_covered_display": "100.00"}, "missing_lines": [], "excluded_lines": [], "start_line": 783}, "VectorStoreManager.delete_by_url": {"executed_lines": [], "summary": {"covered_lines": 0, "num_statements": 9, "percent_covered": 0.0, "percent_covered_display": "0.00", "missing_lines": 9, "excluded_lines": 0, "percent_statements_covered": 0.0, "percent_statements_covered_display": "0.00"}, "missing_lines": [826, 827, 830, 855, 858, 859, 862, 868, 870], "excluded_lines": [], "start_line": 793}, "VectorStoreManager.delete_by_url.scroll_operation": {"executed_lines": [], "summary": {"covered_lines": 0, "num_statements": 8, "percent_covered": 0.0, "percent_covered_display": "0.00", "missing_lines": 8, "excluded_lines": 0, "percent_statements_covered": 0.0, "percent_statements_covered_display": "0.00"}, "missing_lines": [833, 843, 844, 845, 850, 851, 852, 853], "excluded_lines": [], "start_line": 830}, "VectorStoreManager.delete_by_url.delete_operation": {"executed_lines": [], "summary": {"covered_lines": 0, "num_statements": 1, "percent_covered": 0.0, "percent_covered_display": "0.00", "missing_lines": 1, "excluded_lines": 0, "percent_statements_covered": 0.0, "percent_statements_covered_display": "0.00"}, "missing_lines": [863], "excluded_lines": [], "start_line": 862}, "VectorStoreManager.ensure_payload_indexes": {"executed_lines": [912, 913, 919, 921, 935], "summary": {"covered_lines": 5, "num_statements": 5, "percent_covered": 100.0, "percent_covered_display": "100.00", "missing_lines": 0, "excluded_lines": 0, "percent_statements_covered": 100.0, "percent_statements_covered_display": "100.00"}, "missing_lines": [], "excluded_lines": [], "start_line": 872}, "VectorStoreManager.ensure_payload_indexes.create_index_operation": {"executed_lines": [922, 923, 928, 930, 933], "summary": {"covered_lines": 5, "num_statements": 6, "percent_covered": 83.33333333333333, "percent_covered_display": "83.33", "missing_lines": 1, "excluded_lines": 0, "percent_statements_covered": 83.33333333333333, "percent_statements_covered_display": "83.33"}, "missing_lines": [931], "excluded_lines": [], "start_line": 921}, "VectorStoreManager.scroll": {"executed_lines": [], "summary": {"covered_lines": 0, "num_statements": 4, "percent_covered": 0.0, "percent_covered_display": "0.00", "missing_lines": 4, "excluded_lines": 0, "percent_statements_covered": 0.0, "percent_statements_covered_display": "0.00"}, "missing_lines": [959, 961, 985, 986], "excluded_lines": [], "start_line": 937}, "VectorStoreManager.scroll.scroll_operation": {"executed_lines": [], "summary": {"covered_lines": 0, "num_statements": 8, "percent_covered": 0.0, "percent_covered_display": "0.00", "missing_lines": 8, "excluded_lines": 0, "percent_statements_covered": 0.0, "percent_statements_covered_display": "0.00"}, "missing_lines": [962, 963, 965, 966, 974, 979, 980, 982], "excluded_lines": [], "start_line": 961}, "": {"executed_lines": [48, 49, 50, 51, 52, 54, 55, 56, 68, 69, 74, 84, 87, 88, 89, 92, 137, 138, 139, 140, 141, 142, 143, 146, 186, 187, 188, 189, 191, 241, 293, 326, 363, 404, 455, 511, 588, 670, 714, 793, 872, 937], "summary": {"covered_lines": 42, "num_statements": 42, "percent_covered": 100.0, "percent_covered_display": "100.00", "missing_lines": 0, "excluded_lines": 0, "percent_statements_covered": 100.0, "percent_statements_covered_display": "100.00"}, "missing_lines": [], "excluded_lines": [], "start_line": 1}}, "classes": {"VectorMetadataRequired": {"executed_lines": [], "summary": {"covered_lines": 0, "num_statements": 0, "percent_covered": 100.0, "percent_covered_display": "100.00", "missing_lines": 0, "excluded_lines": 0, "percent_statements_covered": 100.0, "percent_statements_covered_display": "100.00"}, "missing_lines": [], "excluded_lines": [], "start_line": 84}, "VectorMetadata": {"executed_lines": [], "summary": {"covered_lines": 0, "num_statements": 0, "percent_covered": 100.0, "percent_covered_display": "100.00", "missing_lines": 0, "excluded_lines": 0, "percent_statements_covered": 100.0, "percent_statements_covered_display": "100.00"}, "missing_lines": [], "excluded_lines": [], "start_line": 92}, "VectorStoreManager": {"executed_lines": [236, 237, 238, 239, 282, 283, 288, 321, 322, 324, 355, 356, 357, 358, 399, 400, 401, 402, 445, 446, 447, 448, 449, 450, 451, 453, 492, 493, 496, 501, 506, 507, 509, 552, 553, 556, 558, 559, 560, 561, 564, 565, 566, 567, 571, 576, 579, 580, 583, 584, 586, 637, 640, 641, 644, 646, 650, 656, 659, 660, 661, 666, 668, 700, 701, 702, 703, 706, 707, 712, 747, 748, 751, 754, 764, 765, 766, 771, 772, 773, 774, 776, 779, 780, 783, 784, 789, 791, 912, 913, 919, 921, 922, 923, 928, 930, 933, 935], "summary": {"covered_lines": 98, "num_statements": 129, "percent_covered": 75.96899224806202, "percent_covered_display": "75.97", "missing_lines": 31, "excluded_lines": 0, "percent_statements_covered": 75.96899224806202, "percent_statements_covered_display": "75.97"}, "missing_lines": [826, 827, 830, 833, 843, 844, 845, 850, 851, 852, 853, 855, 858, 859, 862, 863, 868, 870, 931, 959, 961, 962, 963, 965, 966, 974, 979, 980, 982, 985, 986], "excluded_lines": [], "start_line": 146}, "": {"executed_lines": [48, 49, 50, 51, 52, 54, 55, 56, 68, 69, 74, 84, 87, 88, 89, 92, 137, 138, 139, 140, 141, 142, 143, 146, 186, 187, 188, 189, 191, 241, 293, 326, 363, 404, 455, 511, 588, 670, 714, 793, 872, 937], "summary": {"covered_lines": 42, "num_statements": 42, "percent_covered": 100.0, "percent_covered_display": "100.00", "missing_lines": 0, "excluded_lines": 0, "percent_statements_covered": 100.0, "percent_statements_covered_display": "100.00"}, "missing_lines": [], "excluded_lines": [], "start_line": 1}}}}, "totals": {"covered_lines": 1104, "num_statements": 1254, "percent_covered": 88.03827751196172, "percent_covered_display": "88.04", "missing_lines": 150, "excluded_lines": 10, "percent_statements_covered": 88.03827751196172, "percent_statements_covered_display": "88.04"}}